Case #1:
420358227
1997246.896754630083408209096
4639.047996195991683136731014
41327.47671764568755588770915
218753.4170843293274089216031
43379.47694474888432780453090
1997246.896754630083408209096
117101.2045155555345084691402
27519.82823347558613900404241
3
Case #2:
1231.099332229654868414179953
310.7866268875328724592023275
947994514
328360320
1441421.330629511831265174499
581546571.7805938458451543327
42125.20430335706491707739766
1233.719227983700386339483351
163244.0291152324707705172692
581546571.7805938458451543327
Case #3:
3
46308.06875538433967148885559
2569.857710684707663702411966
39545.73738151978555310580914
46077.62510395432459284566263
Case #4:
2120.844703733690938665897401
1852.728501921195833316556534
Case #5:
2148.208772955379877404645237
55424.63671900219110527300545
Case #6:
15799349.67650724776761320442
555159685
333346541
1391197.689820499056643142675
5919814.141937297805265999818
3576717.064407996332345280265
2154489.898248539015414364305
11293349.36023315683675064131
6791678.144501460385566119660
6824928.272197151816745212759
Case #7:
59713
59713
4551159.914547169589490786397
346876837
59713
59713
59713
4551159.914547169589490786397
59713
Case #8:
14141.21472858679138726305309
30889.96908383043364291589926
Case #9:
56702.08594046607029991551999
25049943.62357558789660950330
771505.7773435937662726932010
138914.0460754274933450991766
573819.2099612009806062057447
540.3887489576369779288330209
540.3887489576369779288330209
35557.01384381709136650105444
7434.681813395637225984984455
357276942.3469159927945025348
Case #10:
61572.55680941784201070688844
2216.229284403392650760587554
2216.229284403392650760587554
1128538.165364660006299441647
8451.504001568456287991247513
1128538.165364660006299441647
37919.73967473932962364056698
280562.7838351247535864642140
Case #11:
84767.33170711360275642854239
288445.7308115850999451340070
327293311.0768557625580273343
6128839.983801991872656533105
2002369.227163971154704340198
195018201.7064544414008878131
326.6879244783926812231058203
66980.57180629211005676995595
84767.33170711360275642854239
84767.33170711360275642854239
Case #12:
31350
31350
31350
31350
Case #13:
97799.80424315786942105860733
2012345.694725061917161282597
61509.05200516004483382315992
4824013.898798385510306689064
4824013.898798385510306689064
97799.80424315786942105860733
59449.09746026414032478537172
Case #14:
367.7254410562315173032017881
2622.185383886538295010033811
1734.155785489863870580338633
885.2956777221086655152037184
8
5849
59238
367.7254410562315173032017881
1156.212346758486638509630926
5849
Case #15:
22295.52015760879389545221563
1595.807295114447963013275108
9501.022929190286483474320677
849505628
22551.00184355259248649879805
13328.08467034275384008798259
465387604
23636199.47078791375891850748
59399.69202431293386998923413
1854.890634222408914217201480
Case #16:
5724246.675327680181156119176
181.0165738268184104788331069
1
Case #17:
82469.57440171496362176605885
4.582575694955840006588047194
3.000000000000000000000000000
4.582575694955840006588047194
497.4019734632592818954188329
2732.559247487727666658708818
Case #18:
25756.76726489522946267379489
7749000.889286760173510012911
28998.68014468749961490568803
49337.12128124107957339238906
34642.44600197855544028394124
35446.26678779288840132738178
Case #19:
6.708203932499369089227521006
3008259.023852833055771187789
3953.653046857043826308034779
Case #20:
51.33573197689609291133736642
51.33573197689609291133736642
4.242640687119285146405066173
4.242640687119285146405066173
51.33573197689609291133736642
3
150.1599147575677068717925927
6
Case #21:
32442.75578528283057116388985
97193.27226255743476199509473
Case #22:
2010988.145617531233488935800
5119.058747599764030583114439
3983710.501903470394796107857
42240.55168310945318892417248
3471751.672697804001160292316
6
50988.20431237013077009832904
Case #23:
312.4052379519326771968505283
134.8576376922742677679643162
935.2325913910400075263671561
80.49522632264809485693168886
623.8162179993841653417398335
123.9956114474831320214644183
312.4052379519326771968505283
2665.092085095599100071563212
Case #24:
44321.85528607754479319106077
1577.933220310224116675367898
939328.4828452430335571846957
300.3198295151354137435851855
1577.933220310224116675367898
2.000000000000000000000000000
873629.4057426017538670829956
7025.813609020998727606423226
56.50228408548814346971134586
35881.50226317408162364612309
Case #25:
62414400
27509.03808885070576384916379
62414400
35002.28470529586545323020122
35002.28470529586545323020122
35002.28470529586545323020122
27509.03808885070576384916379
9089.346704141221759548984547
Case #26:
936.1256254236039128586630514
9.000000000000000000000000000
124.4827693986730591671297706
59738.17908172293796670100548
4
203.3494265660047183730514080
289.0162268184258490105563540
5328.048433628476664286858419
842.6316853437175281193274487
7896.323287549225898042131569
Case #27:
923.4641303266738145493990215
1448782.925443822317621902221
3282.715529905472549447704063
62694.38115174277721135909743
94754
923.4641303266738145493990215
Case #28:
986462980
986462980
986462980
Case #29:
28736.76237852830908221878344
13099694.19319975529943921467
Case #30:
2794.587025416347704906070954
Case #31:
45881.24071992822645708081070
58765.38726155048491037201749
148163.2315091717653209486793
822416.1214100488990756311864
154401.8927192329016297190510
822416.1214100488990756311864
43542.77987763011982440076483
31692.74431707239122976030270
230660428.9976605588468634276
230660428.9976605588468634276
Case #32:
564.3580423808984756656629261
217672926
142.0530780878088160498329122
Case #33:
464732879.7504419441311326807
235222753
918179244
235222753
464732879.7504419441311326807
235222753
Case #34:
774980577.1807416497144885581
774980577.1807416497144885581
774980577.1807416497144885581
Case #35:
22135.58160016733805454685916
325.1469998448446074042303387
558841962
4433.706641692134591334242096
22135.58160016733805454685916
2.000000000000000000000000000
4
1452.720018454100573902209247
102591955.9218698685981563826
235.3078636180237520070124623
Case #36:
26714.60269216070523741207384
26714.60269216070523741207384
1858.859860575418722720108200
9
80143.80807648211571223622152
713669997
26714.60269216070523741207384
713669997
Case #37:
94.69895468970434525036308320
1
Case #38:
215832.0929009825161485603276
6807.333639560711822376349422
34305.76203353180263552386089
39410.47623342894927507688869
78856
277610.7898045761807106939023
6807.333639560711822376349422
Case #39:
46481.32591166796326419928431
1298.151915684926602054929247
4
409.3165034542340561255985106
999.3448308471237846834403631
Case #40:
60862
1168673.930783789708417992581
3
391560757
3301
51032.19552400229625064719952
249618.8682150140469262062917
700090.2091907090578938535746
24317.05632577736114062323439
331290.0259654893198521745728
Case #41:
2904.737625103702568342963210
3997.963117662611627635699620
1433.270697805712080152138199
23172.03540426136033855884259
445099.7395056431685813794757
786.3046483393062073600201443
2904.737625103702568342963210
52120
2904.737625103702568342963210
2492.470494145347544797775376
Case #42:
68625.23763164685756219863643
470942324
1676.187409622836694506096218
3.162277660168379331998893544
10
68625.23763164685756219863643
Case #43:
59776
198306.3581530415353981561170
558137.0892926926604284348204
1887359.547468367247139220400
198306.3581530415353981561170
5544858.746451076187234268120
916.5676441146902647269217516
2.449489742783178098197284075
1193718.955186688823654118520
1461204.863389028101944594525
Case #44:
1073964.536544169498852271496
57116.23920990531328465741426
59832
4550070.764104663900122702077
Case #45:
564621.5766425892109138425730
4782314.152475470944979552974
1500085.424995918724157363529
969867.1329475331380743661045
2113642.129894366031816281472
5060298.316069913507376187669
10064081.39645133390890114926
86764.40791015633963599519225
2344621.215351238921114268616
373010745.7089965015583183278
Case #46:
4025296.176918538251575886957
616236.2631991188058915878416
1894061.503044293482434428966
52635.57807917378221017047748
616236.2631991188058915878416
82892.58980753345964311545123
616236.2631991188058915878416
Case #47:
593689.5187232774531422505734
9
307044.7534893541193981236994
20022.92685897843457434864755
593689.5187232774531422505734
6706308.351571004224517349081
52983
662081.3727850953486000579544
7163552.023433346993982751061
4443524.623965723448008852086
Case #48:
707.8604053040668999955204431
7001.690850309195057962311651
292937.1157086262806773142822
24031.83468228047971227237561
1036.246498989249537911417558
7001.690850309195057962311651
292937.1157086262806773142822
8827.493742750252966511608991
550434.8275760065805871253537
147.0406662444951670040197915
Case #49:
45231
20748.34942832802784778443239
20748.34942832802784778443239
45231
26903.02398480601737897408494
20748.34942832802784778443239
3120230.303593310081484710064
26903.02398480601737897408494
Case #50:
475.5291789154478373164677364
721341281
5.656854249492380195206754897
46346515.04574562410749464497
113.0204364322153240867384435
Case #51:
494275495
494275495
Case #52:
178630.7256283998858613625534
27523.99510875780049109505264
178630.7256283998858613625534
150785.9252846367325057728698
Case #53:
74986.34521697933772422143659
933762627
288235.9681789786329781080885
765641.7538801366356117184228
91672.58937654155735809128060
624772441
134892.9720785118309658557416
19465.69906271028325433934775
Case #54:
760599008
85447.68677968994615069849798
455171.0535264573207995584744
455171.0535264573207995584744
38886.96284080050175441693442
455171.0535264573207995584744
Case #55:
1
1
1
1
Case #56:
2272.770629324399330488013700
1636.541447638679598826951187
36117.04064565644891064923898
260888125
611
611
9271.610429944042799379787634
260888125
611
Case #57:
1.414213562373095048801688724
2.449489742783178098197284075
Case #58:
77640.86212813456388197708018
1091197.353798239881596823828
299699.8355169873066600362349
Case #59:
490.9351218026105018520482703
Case #60:
342.7652257741441308707743976
251.0793894058825203902938928
143.8924737413838549280941580
Case #61:
3842.629352763953859065888055
68.24443459831263273497093250
6.708203932499369089227521006
85.98259968858805792934169631
85.98259968858805792934169631
41.12548733591939120856619815
30.99480054000663378063780422
291.8470550924489799502778911
Case #62:
46064135.61920863464154006991
20944124.93744843882182397140
360882952.5870592629925081938
24198305.99850788801895085487
20666190.27393569413570755915
Case #63:
400883541.3098376068076098158
496504069.0546423296251115072
443704758.4859262078196547090
Case #64:
285.4627821625789451837684511
538.3586165373412131953920661
36471.40395213363227962501502
2012071.629958784543867929117
30300
28983
Case #65:
36225161.62196225146883612452
311.9452338106610271991696139
311.9452338106610271991696139
344281000.1121546228905464718
18257.92157206631085895197955
3074271.518506782770731048230
3961.858115775390592009969391
387763895.5018120198480375497
115386.3997401748849445406290
429615864
Case #66:
51.49209669149721830764912178
231.3821619125898623589427894
3840.535573900424413150672507
814.4038922348781975948489634
1981.685512359042482108708005
369.4969553325169146379467477
139.8646310558701585037067965
3840.535573900424413150672507
3840.535573900424413150672507
795.8604259176607069522505972
Case #67:
50399.54265665512961213060978
22539.36068303624267640011053
1719.073301958990891862430973
10
65353.68972751270758966077872
614.1299879851203287021118867
65353.68972751270758966077872
8.944271909999158785636694675
195.3503720749369017874330453
50399.54265665512961213060978
Case #68:
4263.990197316977134066122161
63929.37053763956826540244437
3244.832815415919082540930744
335.3710369129371269655053206
6
1467.846836151156304180124112
13628.31716021105423569270921
Case #69:
3186.408998936629640221059111
59443
819.1318575174573198977890089
Case #70:
303.8321905262837682258509135
2
303.8321905262837682258509135
2
46157
66281.04633302042252846611819
303.8321905262837682258509135
303.8321905262837682258509135
2063.492536284816755460933449
2063.492536284816755460933449
Case #71:
1000000000
Case #72:
3655.483831200274174881558263
4279.060675880505949173941391
74.75331896912687923182800049
1255.938790421919873506767163
173.2966720623295766145385840
8228.575037522110083154754034
91421.65837323361099473802802
5934.311592893845692009166146
Case #73:
11782.85185752830466095559720
677.3330995949377295132217669
Case #74:
38374.48580224232377064004936
74.97059588088431677966271974
Case #75:
51528
51528
51528
51528
51528
51528
Case #76:
299797494
7061621.459222866010569797841
22147817.88171042262746729991
10120815.86479550454561617012
7513053.284962439969937543673
7419
40.95374517934268281864070207
1139947.614192429641284570062
91634765
518262012.2947476226688247401
Case #77:
709640.1783587718305930115841
19243835.27375740499463388408
415089.7231239093013610235072
688532.3779516255074154116681
26038.58888583438344010187385
709640.1783587718305930115841
30430103.20950900366453152099
104012.4289518559131002956029
26038.58888583438344010187385
1738910.731903935138435567594
Case #78:
914958060
13788
38310.05485135608355202092494
1291468.144824883657291296943
29867.40694655689167313650048
29867.40694655689167313650048
29867.40694655689167313650048
Case #79:
9699488.580160215920829268400
2007651.521261122687762044699
295805.0020732047403336720400
4009280.089424186432770993547
38461307.19461514505566969536
16140400.28679960759591350088
269899448.7983249216624506017
5820568.582956135909944150206
9699488.580160215920829268400
40499619.36980208899206024785
Case #80:
1329192.841026107700938078049
1329192.841026107700938078049
10
1064.450643837219103001434615
Case #81:
751.1591043181198106724935508
3462694.182963606735726375223
170002141
3462694.182963606735726375223
751.1591043181198106724935508
3668.615714343797935164606390
3462694.182963606735726375223
Case #82:
67597
76283
71808.78742187476876626310007
71808.78742187476876626310007
71808.78742187476876626310007
71808.78742187476876626310007
71808.78742187476876626310007
67597
71808.78742187476876626310007
71808.78742187476876626310007
Case #83:
22.47126198006742289407972406
4.898979485566356196394568149
231.6203790688548199708692597
Case #84:
2306.914784567112191887319444
38058
4418.445013527352009400193388
26849.48111230457280324492916
2719.885752842676568653304097
26849.48111230457280324492916
Case #85:
26031347.04737282634740133171
5645676.449353434210667700651
992347158
48623005
11572430.70054437093700410820
3443197.097663565720985518042
5645676.449353434210667700651
26031347.04737282634740133171
63325898.29063035279454368394
60066654.83411405651454265994
Case #86:
7338.264141353387762368750585
113492.6251737111971906863369
6219.536546051102381961598111
546.2801479094769374557297432
39953.92579868263593629813095
39953.92579868263593629813095
263226.8551509533975074184260
7463.408512881445837973079962
52488.39780370515367480193724
7448.967318519697026770156418
Case #87:
347126144
347126144
347126144
347126144
Case #88:
6.000000000000000000000000000
95.30883793150168520874361833
40619
1064.874999545861418058953988
1064.874999545861418058953988
17597.90100726751558431901173
263.6264437287173414177965286
465.2322000893747251286692522
Case #89:
194656602.6048505116568197840
2905171.615088341041944297645
15104588.05962725444158291469
408303471
194656602.6048505116568197840
92801545
15104588.05962725444158291469
15104588.05962725444158291469
90947
Case #90:
1478.223012991823695689701059
4.898979485566356196394568149
49.87082830172296932443576767
Case #91:
2664.593148704391764520265069
5123.998181022842585116003248
2664.593148704391764520265069
1020.306341253918031713846592
28733.84965506710519163457175
723.3666354036544291147804215
28997.13572061902806446596175
1020.306341253918031713846592
Case #92:
39718.04324387083124748611578
4146066.100048333768725692030
4146066.100048333768725692030
73486.96578462423160201897921
454830505
62231.95604769593201084620908
323723.4633536098762464046833
934.0942136636967734642772018
96948
Case #93:
1
2.000000000000000000000000000
Case #94:
528388.7771862726774853383784
4091992.978288208157809421351
528388.7771862726774853383784
1239955.664787880260566748660
40888
6009887.111361576981280943572
1239955.664787880260566748660
Case #95:
2248464.133873036235327228920
472711990
25308
684290275
1491570.811318207580772895411
4161492.314026303713605670270
Case #96:
14532
Case #97:
268630.3504960051858714903832
1326908.198006177064858243435
79417
60769.17594985546520993729962
208615.3972744705358962696132
268630.3504960051858714903832
60769.17594985546520993729962
208615.3972744705358962696132
17415.43539152247252164052709
Case #98:
1089308.376061759105441270049
201322.2580779535895484027128
1789357.825699405576180537101
787098121.3584301218726501367
737026376
158212.3829594500721498319471
4551462.461707665232186038886
465457.6702957307958269043693
1089308.376061759105441270049
51721.83223746042042374435550
Case #99:
48512.96303242615437114417958
781846028
48512.96303242615437114417958
Case #100:
2.828427124746190097603377448
2.884499140614816595017971293
2.828427124746190097603377448
3
2.884499140614816595017971293
3.464101615137754587054892683
3.464101615137754587054892683
