Case #1:
420358227.000000000
1997246.896754630
4639.047996196
41327.476717646
218753.417084329
43379.476944749
1997246.896754630
117101.204515556
27519.828233476
3.000000000
Case #2:
1231.099332230
310.786626888
947994514.000000000
328360320.000000000
1441421.330629513
581546571.780594498
42125.204303357
1233.719227984
163244.029115232
581546571.780594498
Case #3:
3.000000000
46308.068755384
2569.857710685
39545.737381520
46077.625103954
Case #4:
2120.844703734
1852.728501921
Case #5:
2148.208772955
55424.636719002
Case #6:
15799349.676507262
555159685.000000000
333346541.000000000
1391197.689820500
5919814.141937303
3576717.064407996
2154489.898248539
11293349.360233147
6791678.144501460
6824928.272197152
Case #7:
59713.000000000
59713.000000000
4551159.914547170
346876837.000000000
59713.000000000
59713.000000000
59713.000000000
4551159.914547170
59713.000000000
Case #8:
14141.214728587
30889.969083830
Case #9:
56702.085940466
25049943.623575588
771505.777343594
138914.046075428
573819.209961201
540.388748958
540.388748958
35557.013843817
7434.681813396
357276942.346916384
Case #10:
61572.556809418
2216.229284403
2216.229284403
1128538.165364661
8451.504001568
1128538.165364661
37919.739674739
280562.783835125
Case #11:
84767.331707114
288445.730811585
327293311.076855763
6128839.983801992
2002369.227163970
195018201.706454441
326.687924478
66980.571806292
84767.331707114
84767.331707114
Case #12:
31350.000000000
31350.000000000
31350.000000000
31350.000000000
Case #13:
97799.804243158
2012345.694725064
61509.052005160
4824013.898798386
4824013.898798386
97799.804243158
59449.097460264
Case #14:
367.725441056
2622.185383887
1734.155785490
885.295677722
8.000000000
5849.000000000
59238.000000000
367.725441056
1156.212346758
5849.000000000
Case #15:
22295.520157609
1595.807295114
9501.022929190
849505628.000000000
22551.001843553
13328.084670343
465387604.000000000
23636199.470787936
59399.692024313
1854.890634222
Case #16:
5724246.675327680
181.016573827
1.000000000
Case #17:
82469.574401715
4.582575695
3.000000000
4.582575695
497.401973463
2732.559247488
Case #18:
25756.767264895
7749000.889286760
28998.680144687
49337.121281241
34642.446001979
35446.266787793
Case #19:
6.708203932
3008259.023852833
3953.653046857
Case #20:
51.335731977
51.335731977
4.242640687
4.242640687
51.335731977
3.000000000
150.159914758
6.000000000
Case #21:
32442.755785283
97193.272262557
Case #22:
2010988.145617531
5119.058747600
3983710.501903470
42240.551683109
3471751.672697804
6.000000000
50988.204312370
Case #23:
312.405237952
134.857637692
935.232591391
80.495226323
623.816217999
123.995611447
312.405237952
2665.092085096
Case #24:
44321.855286078
1577.933220310
939328.482845244
300.319829515
1577.933220310
2.000000000
873629.405742602
7025.813609021
56.502284085
35881.502263174
Case #25:
62414400.000000000
27509.038088851
62414400.000000000
35002.284705296
35002.284705296
35002.284705296
27509.038088851
9089.346704141
Case #26:
936.125625424
9.000000000
124.482769399
59738.179081723
4.000000000
203.349426566
289.016226818
5328.048433628
842.631685344
7896.323287549
Case #27:
923.464130327
1448782.925443823
3282.715529905
62694.381151743
94754.000000000
923.464130327
Case #28:
986462980.000000000
986462980.000000000
986462980.000000000
Case #29:
28736.762378528
13099694.193199767
Case #30:
2794.587025416
Case #31:
45881.240719928
58765.387261550
148163.231509172
822416.121410050
154401.892719233
822416.121410050
43542.779877630
31692.744317072
230660428.997660559
230660428.997660559
Case #32:
564.358042381
217672926.000000000
142.053078088
Case #33:
464732879.750441944
235222753.000000000
918179244.000000000
235222753.000000000
464732879.750441944
235222753.000000000
Case #34:
774980577.180741650
774980577.180741650
774980577.180741650
Case #35:
22135.581600167
325.146999845
558841962.000000000
4433.706641692
22135.581600167
2.000000000
4.000000000
1452.720018454
102591955.921869869
235.307863618
Case #36:
26714.602692161
26714.602692161
1858.859860575
9.000000000
80143.808076482
713669997.000000000
26714.602692161
713669997.000000000
Case #37:
94.698954690
1.000000000
Case #38:
215832.092900982
6807.333639561
34305.762033532
39410.476233429
78856.000000000
277610.789804576
6807.333639561
Case #39:
46481.325911668
1298.151915685
4.000000000
409.316503454
999.344830847
Case #40:
60862.000000000
1168673.930783789
3.000000000
391560757.000000000
3301.000000000
51032.195524002
249618.868215014
700090.209190709
24317.056325777
331290.025965490
Case #41:
2904.737625104
3997.963117663
1433.270697806
23172.035404261
445099.739505643
786.304648339
2904.737625104
52120.000000000
2904.737625104
2492.470494145
Case #42:
68625.237631647
470942324.000000000
1676.187409623
3.162277660
10.000000000
68625.237631647
Case #43:
59776.000000000
198306.358153041
558137.089292693
1887359.547468367
198306.358153041
5544858.746451076
916.567644115
2.449489743
1193718.955186689
1461204.863389029
Case #44:
1073964.536544170
57116.239209905
59832.000000000
4550070.764104664
Case #45:
564621.576642589
4782314.152475471
1500085.424995920
969867.132947533
2113642.129894368
5060298.316069914
10064081.396451334
86764.407910156
2344621.215351241
373010745.708996502
Case #46:
4025296.176918538
616236.263199119
1894061.503044295
52635.578079174
616236.263199119
82892.589807533
616236.263199119
Case #47:
593689.518723278
9.000000000
307044.753489354
20022.926858978
593689.518723278
6706308.351571004
52983.000000000
662081.372785096
7163552.023433347
4443524.623965723
Case #48:
707.860405304
7001.690850309
292937.115708626
24031.834682280
1036.246498989
7001.690850309
292937.115708626
8827.493742750
550434.827576007
147.040666244
Case #49:
45231.000000000
20748.349428328
20748.349428328
45231.000000000
26903.023984806
20748.349428328
3120230.303593310
26903.023984806
Case #50:
475.529178915
721341281.000000000
5.656854249
46346515.045745624
113.020436432
Case #51:
494275495.000000000
494275495.000000000
Case #52:
178630.725628400
27523.995108758
178630.725628400
150785.925284637
Case #53:
74986.345216979
933762627.000000000
288235.968178978
765641.753880137
91672.589376542
624772441.000000000
134892.972078512
19465.699062710
Case #54:
760599008.000000000
85447.686779690
455171.053526458
455171.053526458
38886.962840801
455171.053526458
Case #55:
1.000000000
1.000000000
1.000000000
1.000000000
Case #56:
2272.770629324
1636.541447639
36117.040645656
260888125.000000000
611.000000000
611.000000000
9271.610429944
260888125.000000000
611.000000000
Case #57:
1.414213562
2.449489743
Case #58:
77640.862128135
1091197.353798241
299699.835516987
Case #59:
490.935121803
Case #60:
342.765225774
251.079389406
143.892473741
Case #61:
3842.629352764
68.244434598
6.708203932
85.982599689
85.982599689
41.125487336
30.994800540
291.847055092
Case #62:
46064135.619208635
20944124.937448458
360882952.587059263
24198305.998507911
20666190.273935713
Case #63:
400883541.309837607
496504069.054642330
443704758.485926698
Case #64:
285.462782163
538.358616537
36471.403952134
2012071.629958785
30300.000000000
28983.000000000
Case #65:
36225161.621962251
311.945233811
311.945233811
344281000.112154999
18257.921572066
3074271.518506783
3961.858115775
387763895.501812020
115386.399740175
429615864.000000000
Case #66:
51.492096691
231.382161913
3840.535573900
814.403892235
1981.685512359
369.496955333
139.864631056
3840.535573900
3840.535573900
795.860425918
Case #67:
50399.542656655
22539.360683036
1719.073301959
10.000000000
65353.689727513
614.129987985
65353.689727513
8.944271910
195.350372075
50399.542656655
Case #68:
4263.990197317
63929.370537640
3244.832815416
335.371036913
6.000000000
1467.846836151
13628.317160211
Case #69:
3186.408998937
59443.000000000
819.131857517
Case #70:
303.832190526
2.000000000
303.832190526
2.000000000
46157.000000000
66281.046333020
303.832190526
303.832190526
2063.492536285
2063.492536285
Case #71:
1000000000.000000000
Case #72:
3655.483831200
4279.060675881
74.753318969
1255.938790422
173.296672062
8228.575037522
91421.658373234
5934.311592894
Case #73:
11782.851857528
677.333099595
Case #74:
38374.485802242
74.970595881
Case #75:
51528.000000000
51528.000000000
51528.000000000
51528.000000000
51528.000000000
51528.000000000
Case #76:
299797494.000000000
7061621.459222872
22147817.881710443
10120815.864795514
7513053.284962447
7419.000000000
40.953745179
1139947.614192431
91634765.000000000
518262012.294747623
Case #77:
709640.178358772
19243835.273757405
415089.723123910
688532.377951626
26038.588885834
709640.178358772
30430103.209509033
104012.428951856
26038.588885834
1738910.731903937
Case #78:
914958060.000000000
13788.000000000
38310.054851356
1291468.144824885
29867.406946557
29867.406946557
29867.406946557
Case #79:
9699488.580160207
2007651.521261124
295805.002073205
4009280.089424190
38461307.194615145
16140400.286799622
269899448.798324922
5820568.582956136
9699488.580160207
40499619.369802089
Case #80:
1329192.841026109
1329192.841026109
10.000000000
1064.450643837
Case #81:
751.159104318
3462694.182963607
170002141.000000000
3462694.182963607
751.159104318
3668.615714344
3462694.182963607
Case #82:
67597.000000000
76283.000000000
71808.787421875
71808.787421875
71808.787421875
71808.787421875
71808.787421875
67597.000000000
71808.787421875
71808.787421875
Case #83:
22.471261980
4.898979486
231.620379069
Case #84:
2306.914784567
38058.000000000
4418.445013527
26849.481112305
2719.885752843
26849.481112305
Case #85:
26031347.047372851
5645676.449353434
992347158.000000000
48623005.000000000
11572430.700544381
3443197.097663566
5645676.449353434
26031347.047372851
63325898.290630353
60066654.834113997
Case #86:
7338.264141353
113492.625173711
6219.536546051
546.280147909
39953.925798683
39953.925798683
263226.855150953
7463.408512881
52488.397803705
7448.967318520
Case #87:
347126144.000000000
347126144.000000000
347126144.000000000
347126144.000000000
Case #88:
6.000000000
95.308837932
40619.000000000
1064.874999546
1064.874999546
17597.901007268
263.626443729
465.232200089
Case #89:
194656602.604850512
2905171.615088341
15104588.059627268
408303471.000000000
194656602.604850512
92801545.000000000
15104588.059627268
15104588.059627268
90947.000000000
Case #90:
1478.223012992
4.898979486
49.870828302
Case #91:
2664.593148704
5123.998181023
2664.593148704
1020.306341254
28733.849655067
723.366635404
28997.135720619
1020.306341254
Case #92:
39718.043243871
4146066.100048334
4146066.100048334
73486.965784624
454830505.000000000
62231.956047696
323723.463353610
934.094213664
96948.000000000
Case #93:
1.000000000
2.000000000
Case #94:
528388.777186273
4091992.978288208
528388.777186273
1239955.664787881
40888.000000000
6009887.111361577
1239955.664787881
Case #95:
2248464.133873034
472711990.000000000
25308.000000000
684290275.000000000
1491570.811318209
4161492.314026304
Case #96:
14532.000000000
Case #97:
268630.350496005
1326908.198006177
79417.000000000
60769.175949856
208615.397274470
268630.350496005
60769.175949856
208615.397274470
17415.435391522
Case #98:
1089308.376061760
201322.258077954
1789357.825699404
787098121.358430122
737026376.000000000
158212.382959450
4551462.461707665
465457.670295730
1089308.376061760
51721.832237460
Case #99:
48512.963032426
781846028.000000000
48512.963032426
Case #100:
2.828427125
2.884499141
2.828427125
3.000000000
2.884499141
3.464101615
3.464101615
