Case #1:
0
2
3
4
6
7
12
14
15
16
17
18
20
22
23
24
25
27
33
34
35
37
38
39
40
41
42
44
49
50
51
52
55
56
57
64
65
69
70
73
75
76
79
81
83
85
94
95
97
98
101
105
106
107
108
109
110
111
113
114
115
117
122
124
127
128
129
130
131
134
136
141
145
147
150
154
155
157
159
163
165
166
167
169
170
173
175
179
181
182
183
188
189
192
194
195
201
202
204
206
207
208
209
211
212
215
217
218
221
223
225
228
231
232
237
239
240
242
245
246
247
250
253
254
257
262
265
266
269
271
273
274
278
279
280
282
283
284
285
286
287
289
290
294
295
296
298
301
302
303
307
308
313
314
318
319
320
322
326
327
330
337
338
339
341
342
343
344
346
347
351
352
353
354
356
358
360
363
365
366
367
369
371
375
378
379
380
381
384
391
395
400
402
403
404
405
406
408
412
414
417
418
419
420
421
425
426
428
429
432
433
434
436
438
441
442
444
448
449
450
451
452
453
454
455
459
460
462
465
467
468
469
470
481
482
483
487
491
492
494
495
496
500
501
505
508
511
512
513
515
516
519
520
521
524
526
529
531
533
534
536
537
538
540
541
542
544
545
551
552
554
560
565
567
569
573
574
575
576
577
580
583
585
586
587
588
590
592
593
594
595
596
597
603
605
606
607
614
615
616
621
623
624
625
628
629
631
632
635
637
640
645
646
647
649
650
653
655
658
660
661
662
663
668
669
672
673
677
681
683
685
687
688
690
691
692
693
695
696
698
700
703
705
706
707
711
712
713
718
719
726
727
728
729
730
732
733
734
738
739
740
741
751
752
754
755
756
760
761
767
771
772
782
783
784
788
792
794
798
799
800
801
803
804
806
807
808
809
810
811
813
814
815
816
817
818
821
822
823
824
826
828
830
831
832
833
837
838
839
841
845
846
847
848
851
852
853
855
856
858
862
864
865
867
871
872
875
877
879
880
883
884
885
888
889
890
891
892
894
902
903
904
905
909
910
911
912
916
918
920
922
925
926
928
929
930
931
932
935
936
938
939
942
943
945
947
949
950
951
952
953
955
957
959
961
963
964
967
969
973
976
979
980
986
988
989
990
991
993
994
996
997
998
999
1000
1001
1003
1004
1006
1009
1010
1011
1012
1013
1014
1015
1019
1021
1022
1024
1028
1029
1032
1034
1037
1041
1042
1043
1046
1049
1053
1054
1055
1056
1057
1060
1062
1068
1072
1073
1074
1075
1076
1079
1080
1084
1085
1086
1089
1091
1092
1093
1094
1095
1097
1098
1099
1100
1101
1102
1105
1107
1108
1110
1111
1113
1114
1115
1118
1121
1123
1124
1125
1127
1128
1137
1140
1141
1142
1143
1148
1149
1151
1155
1157
1159
1161
1162
1164
1168
1172
1174
1175
1178
1179
1183
1185
1189
1190
1193
1195
1196
1197
1198
1199
1200
1201
1202
1203
1204
1205
1210
1211
1212
1216
1218
1219
1220
1223
1224
1227
1229
1231
1232
1233
1239
1246
1247
1254
1256
1258
1260
1261
1262
1265
1266
1267
1269
1272
1274
1275
1281
1284
1289
1290
1291
1295
1297
1305
1306
1308
1311
1312
1313
1316
1318
1319
1326
1328
1329
1332
1333
1335
1337
1338
1340
1342
1344
1345
1346
1350
1353
1358
1359
1360
1361
1363
1365
1367
1368
1374
1375
1378
1384
1387
1389
1390
1392
1394
1395
1397
1399
1400
1401
1402
1403
1409
1412
1414
1415
1417
1419
1421
1422
1423
1426
1428
1429
1431
1432
1435
1436
1437
1438
1439
1441
1444
1446
1447
1448
1449
1452
1453
1454
1455
1456
1458
1459
1463
1467
1468
1469
1470
1473
1475
1476
1477
1479
1481
1482
1483
1489
1490
1491
1492
1493
1496
1498
1499
1500
1502
1503
1504
1505
1507
1512
1513
1515
1516
1521
1522
1523
1525
1526
1527
1528
1529
1532
1534
1535
1537
1542
1543
1545
1546
1548
1549
1550
1554
1559
1560
1563
1565
1568
1571
1575
1578
1580
1584
1588
1591
1592
1595
1598
1599
1606
1607
1612
1616
1618
1620
1621
1622
1625
1626
1628
1630
1631
1632
1633
1634
1635
1636
1638
1640
1641
1644
1649
1651
1654
1656
1659
1660
1661
1666
1671
1672
1674
1677
1681
1683
1684
1685
1686
1690
1691
1692
1694
1700
1705
1706
1708
1709
1711
1715
1717
1721
1722
1723
1724
1726
1727
1729
1731
1732
1735
1736
1737
1738
1743
1753
1755
1756
1757
1758
1761
1762
1764
1765
1769
1770
1771
1772
1773
1780
1781
1783
1789
1791
1793
1794
1795
1796
1797
1800
1801
1807
1808
1809
1810
1814
1817
1818
1820
1822
1823
1825
1826
1827
1829
1831
1833
1836
1838
1840
1841
1843
1844
1845
1847
1848
1852
1853
1854
1855
1859
1860
1863
1864
1866
1867
1868
1869
1870
1875
1876
1883
1890
1892
1894
1897
1898
1899
1901
1904
1906
1909
1910
1913
1916
1919
1920
1925
1932
1937
1940
1941
1943
1944
1948
1949
1952
1955
1962
1965
1966
1972
1974
1976
1978
1980
1981
1983
1991
1993
1996
2003
2004
2005
2008
2009
2014
2020
2021
2022
2023
2026
2027
2030
2033
2034
2035
2037
2038
2039
2041
2043
2044
2045
2046
2047
2048
2052
2053
2054
2055
2056
2058
2059
2062
2063
2065
2071
2072
2076
2077
2079
2080
2082
2087
2089
2090
2091
2092
2095
2096
2102
2105
2106
2109
2113
2116
2118
2120
2121
2122
2123
2124
2125
2128
2133
2137
2139
2142
2145
2147
2150
2151
2155
2156
2159
2160
2162
2165
2170
2172
2174
2175
2177
2180
2182
2186
2188
2189
2190
2196
2199
2200
2202
2206
2211
2214
2217
2219
2221
2222
2224
2228
2229
2230
2232
2234
2235
2236
2239
2242
2246
2248
2249
2250
2252
2253
2256
2257
2258
2263
2264
2265
2272
2273
2274
2279
2280
2281
2282
2286
2287
2288
2290
2291
2298
2299
2300
2301
2304
2305
2306
2307
2308
2309
2312
2314
2315
2318
2319
2323
2329
2330
2331
2332
2333
2334
2337
2338
2339
2341
2343
2344
2345
2346
2347
2348
2351
2354
2355
2358
2359
2360
2368
2369
2371
2372
2374
2376
2382
2384
2386
2387
2392
2393
2395
2396
2398
2401
2402
2403
2404
2413
2414
2415
2418
2420
2421
2424
2425
2426
2427
2430
2433
2435
2436
2445
2449
2451
2453
2454
2455
2464
2474
2477
2481
2482
2486
2491
2494
2495
2496
2497
2498
2499
2500
2504
2505
2507
2509
2513
2522
2525
2526
2527
2530
2533
2535
2538
2540
2541
2543
2546
2549
2550
2552
2556
2557
2558
2564
2567
2569
2570
2574
2577
2582
2585
2588
2589
2591
2594
2595
2597
2598
2606
2608
2613
2614
2616
2617
2620
2622
2623
2626
2629
2630
2633
2645
2647
2648
2649
2650
2652
2654
2657
2660
2661
2662
2663
2664
2666
2670
2672
2673
2675
2679
2680
2681
2682
2683
2684
2686
2689
2691
2692
2693
2697
2699
2701
2702
2703
2705
2706
2707
2709
2711
2712
2717
2720
2721
2722
2725
2727
2730
2737
2738
2750
2751
2752
2754
2757
2760
2761
2762
2765
2770
2772
2781
2782
2784
2787
2788
2792
2793
2798
2800
2803
2811
2813
2814
2815
2816
2817
2820
2824
2827
2828
2829
2830
2837
2839
2843
2844
2845
2849
2851
2852
2854
2855
2856
2859
2860
2862
2863
2866
2869
2870
2872
2873
2874
2880
2882
2884
2885
2886
2888
2890
2893
2897
2899
2902
2904
2905
2906
2908
2909
2915
2916
2918
2924
2927
2929
2931
2946
2947
2950
2958
2961
2962
2963
2965
2966
2968
2969
2971
2974
2976
2979
2981
2983
2986
2988
2992
2994
2995
2997
2998
3005
3006
3007
3009
3010
3013
3016
3026
3027
3028
3030
3031
3035
3036
3037
3039
3041
3045
3052
3053
3055
3056
3057
3058
3061
3064
3065
3066
3072
3074
3076
3077
3083
3084
3089
3095
3096
3103
3105
3106
3107
3108
3109
3110
3111
3113
3115
3116
3119
3122
3131
3137
3138
3139
3144
3147
3154
3155
3157
3158
3160
3161
3163
3164
3165
3166
3167
3171
3172
3174
3177
3178
3179
3180
3182
3186
3188
3192
3194
3196
3200
3202
3204
3207
3211
3214
3223
3227
3230
3231
3232
3234
3235
3236
3238
3239
3241
3244
3251
3258
3259
3261
3263
3264
3269
3270
3272
3282
3284
3287
3289
3291
3293
3296
3299
3302
3303
3305
3306
3308
3311
3314
3317
3318
3321
3323
3325
3326
3329
3332
3333
3334
3335
3338
3339
3345
3349
3351
3355
3356
3357
3358
3359
3361
3362
3364
3366
3368
3369
3370
3371
3372
3376
3377
3379
3381
3383
3384
3386
3387
3388
3392
3399
3401
3402
3403
3405
3407
3409
3410
3412
3413
3417
3418
3419
3420
3422
3423
3425
3433
3434
3435
3437
3439
3440
3441
3444
3447
3451
3456
3460
3464
3465
3466
3470
3471
3472
3473
3474
3476
3478
3479
3481
3482
3484
3485
3487
3488
3490
3491
3492
3493
3494
3499
3500
3501
3509
3510
3512
3518
3519
3521
3523
3525
3527
3528
3531
3534
3535
3540
3546
3551
3552
3558
3559
3560
3561
3563
3564
3566
3571
3573
3576
3577
3578
3580
3581
3582
3583
3584
3585
3586
3587
3590
3591
3593
3596
3597
3599
3601
3602
3603
3605
3607
3609
3610
3615
3617
3618
3620
3622
3624
3625
3627
3633
3634
3636
3637
3641
3649
3651
3653
3657
3658
3663
3666
3668
3672
3675
3676
3678
3679
3680
3681
3686
3688
3693
3694
3703
3704
3705
3708
3709
3710
3711
3713
3714
3719
3720
3722
3723
3724
3726
3728
3729
3730
3731
3733
3735
3737
3740
3742
3743
3744
3747
3748
3749
3750
3752
3754
3755
3756
3757
3758
3762
3765
3766
3768
3773
3774
3778
3779
3780
3784
3786
3788
3789
3792
3793
3795
3799
3802
3803
3806
3810
3811
3812
3814
3817
3823
3824
3826
3827
3829
3831
3832
3833
3835
3836
3838
3839
3840
3845
3847
3850
3853
3855
3856
3857
3862
3863
3864
3865
3866
3870
3871
3872
3875
3876
3879
3880
3881
3883
3886
3888
3891
3893
3897
3901
3902
3903
3904
3905
3909
3910
3911
3913
3915
3916
3917
3918
3920
3921
3922
3923
3928
3931
3933
3935
3936
3937
3938
3939
3946
3947
3951
3952
3953
3955
3956
3958
3959
3960
3961
3963
3964
3965
3969
3970
3972
3973
3975
3976
3978
3979
3981
3986
3989
3990
3993
3994
3995
3997
3998
4004
4005
4006
4007
4008
4011
4012
4013
4014
4015
4016
4017
4018
4025
4029
4030
4033
4035
4037
4039
4040
4041
4042
4046
4047
4048
4049
4051
4052
4055
4060
4061
4062
4063
4065
4066
4067
4071
4073
4074
4079
4080
4082
4085
4088
4090
4092
4096
4097
4099
4101
4103
4104
4105
4106
4107
4108
4109
4111
4112
4113
4119
4120
4121
4124
4128
4129
4130
4131
4132
4133
4138
4140
4141
4142
4143
4144
4145
4146
4147
4148
4149
4150
4152
4153
4154
4156
4157
4158
4160
4162
4169
4171
4173
4175
4177
4178
4180
4184
4185
4188
4189
4193
4196
4199
4200
4201
4202
4203
4205
4206
4207
4208
4210
4213
4215
4216
4218
4221
4230
4231
4232
4237
4238
4239
4240
4242
4243
4244
4245
4248
4249
4251
4254
4255
4257
4258
4262
4263
4264
4266
4267
4268
4271
4273
4277
4279
4281
4282
4283
4284
4289
4292
4294
4297
4298
4299
4300
4301
4305
4312
4313
4314
4315
4316
4317
4318
4319
4321
4322
4324
4325
4330
4331
4332
4334
4337
4342
4343
4344
4347
4349
4352
4356
4357
4359
4360
4361
4368
4369
4370
4371
4372
4374
4376
4377
4379
4380
4382
4387
4388
4392
4393
4397
4398
4403
4404
4405
4410
4411
4412
4414
4418
4419
4421
4422
4427
4428
4429
4431
4432
4436
4437
4439
4440
4441
4442
4444
4449
4451
4453
4454
4457
4462
4463
4467
4468
4470
4474
4477
4479
4486
4493
4495
4496
4497
4501
4502
4504
4508
4510
4511
4512
4513
4514
4515
4517
4520
4523
4525
4527
4528
4529
4531
4533
4534
4536
4537
4540
4541
4542
4545
4546
4548
4556
4560
4562
4564
4568
4571
4572
4573
4574
4575
4576
4577
4578
4579
4580
4581
4582
4583
4585
4590
4591
4594
4595
4597
4598
4600
4601
4602
4605
4606
4607
4611
4612
4616
4618
4622
4626
4627
4631
4632
4633
4635
4638
4641
4642
4643
4644
4646
4647
4649
4651
4652
4653
4654
4655
4657
4658
4660
4661
4662
4665
4667
4668
4669
4670
4671
4672
4676
4678
4679
4680
4684
4687
4688
4690
4693
4694
4698
4699
4700
4701
4705
4706
4707
4708
4711
4713
4714
4716
4717
4718
4721
4726
4731
4732
4735
4736
4737
4739
4740
4741
4745
4747
4748
4749
4750
4751
4753
4756
4757
4758
4759
4760
4761
4762
4763
4764
4765
4767
4769
4771
4774
4776
4777
4778
4780
4783
4784
4787
4788
4789
4793
4794
4795
4800
4803
4805
4806
4808
4814
4815
4817
4819
4821
4825
4827
4828
4830
4832
4833
4834
4835
4836
4838
4845
4847
4848
4851
4852
4858
4859
4863
4865
4866
4867
4870
4873
4874
4875
4877
4879
4880
4882
4883
4884
4885
4886
4887
4888
4891
4894
4898
4904
4905
4910
4914
4915
4916
4921
4924
4925
4926
4927
4928
4930
4931
4932
4936
4943
4945
4948
4949
4951
4954
4955
4958
4960
4968
4969
4971
4972
4975
4976
4977
4978
4982
4986
4988
4992
4996
5000
5001
5002
5004
5008
5009
5011
5012
5013
5014
5019
5020
5022
5024
5025
5026
5028
5029
5031
5033
5034
5036
5037
5040
5041
5042
5048
5050
5052
5056
5057
5059
5063
5064
5065
5066
5067
5068
5069
5070
5073
5075
5076
5077
5078
5080
5081
5084
5087
5094
5096
5098
5104
5105
5106
5107
5109
5110
5111
5120
5122
5123
5126
5128
5131
5132
5133
5134
5137
5138
5141
5142
5144
5145
5146
5147
5151
5153
5155
5156
5158
5161
5162
5163
5165
5169
5175
5176
5177
5178
5180
5181
5186
5187
5188
5192
5193
5194
5197
5201
5203
5204
5209
5211
5214
5216
5224
5225
5232
5234
5238
5239
5240
5241
5242
5244
5247
5248
5250
5251
5252
5253
5254
5257
5262
5263
5264
5273
5275
5279
5280
5283
5284
5286
5288
5289
5291
5293
5294
5295
5297
5301
5306
5308
5310
5314
5315
5317
5318
5319
5322
5324
5327
5328
5331
5332
5334
5336
5345
5349
5350
5351
5352
5353
5354
5355
5357
5359
5363
5364
5365
5366
5374
5376
5377
5381
5382
5389
5394
5395
5400
5401
5403
5404
5405
5406
5409
5411
5413
5414
5418
5420
5421
5423
5424
5425
5427
5429
5430
5431
5435
5436
5437
5442
5443
5446
5451
5452
5454
5456
5457
5460
5462
5463
5466
5467
5469
5470
5472
5474
5475
5478
5480
5481
5484
5485
5486
5487
5490
5491
5494
5498
5500
5501
5504
5505
5508
5509
5512
5514
5516
5518
5522
5524
5527
5530
5531
5532
5533
5540
5541
5545
5546
5547
5550
5552
5555
5557
5558
5559
5560
5562
5565
5566
5567
5569
5570
5574
5576
5578
5579
5582
5583
5586
5587
5589
5590
5591
5596
5598
5603
5605
5607
5608
5613
5614
5617
5621
5622
5624
5625
5631
5637
5638
5639
5640
5641
5642
5643
5645
5646
5647
5650
5656
5662
5665
5669
5670
5671
5673
5675
5680
5681
5686
5689
5691
5696
5697
5702
5703
5704
5707
5709
5710
5711
5713
5714
5716
5717
5719
5724
5726
5729
5732
5734
5738
5740
5742
5743
5744
5745
5752
5756
5757
5758
5759
5760
5761
5762
5764
5765
5766
5767
5768
5770
5772
5773
5774
5777
5778
5781
5783
5784
5789
5790
5791
5793
5794
5798
5799
5800
5801
5802
5809
5814
5817
5822
5823
5824
5825
5826
5827
5828
5832
5833
5835
5836
5837
5838
5839
5841
5842
5843
5844
5845
5846
5849
5851
5852
5857
5858
5861
5862
5863
5865
5870
5871
5872
5873
5875
5877
5878
5881
5882
5890
5892
5894
5896
5897
5900
5901
5903
5905
5909
5910
5917
5920
5921
5924
5925
5927
5928
5930
5934
5936
5937
5938
5939
5942
5943
5946
5948
5949
5950
5952
5953
5956
5957
5958
5959
5967
5968
5969
5972
5974
5975
5980
5981
5982
5985
5986
5987
5990
5992
5994
5995
5997
5998
6001
6003
6004
6006
6007
6009
6013
6016
6019
6021
6022
6023
6024
6025
6027
6030
6031
6032
6036
6037
6039
6042
6046
6047
6048
6049
6051
6056
6057
6060
6064
6065
6070
6071
6073
6074
6078
6080
6087
6088
6089
6093
6094
6095
6097
6098
6100
6102
6104
6108
6110
6111
6113
6114
6116
6117
6118
6119
6121
6122
6126
6130
6131
6132
6134
6136
6138
6139
6144
6145
6149
6150
6154
6158
6159
6160
6161
6164
6169
6170
6173
6180
6182
6183
6184
6190
6191
6193
6194
6195
6196
6199
6200
6201
6202
6203
6204
6205
6206
6207
6208
6212
6216
6219
6221
6222
6223
6233
6234
6235
6240
6244
6248
6251
6252
6253
6255
6256
6257
6258
6260
6261
6262
6263
6265
6268
6269
6272
6273
6275
6276
6278
6281
6283
6286
6288
6292
6295
6296
6297
6303
6304
6307
6310
6312
6313
6317
6320
6323
6325
6330
6332
6334
6338
6341
6343
6348
6349
6351
6352
6355
6362
6363
6368
6371
6372
6373
6375
6376
6380
6383
6390
6391
6393
6394
6395
6399
6403
6404
6407
6414
6415
6417
6418
6423
6424
6425
6426
6427
6428
6431
6432
6435
6437
6439
6440
6442
6446
6457
6458
6459
6462
6463
6464
6465
6467
6470
6476
6477
6479
6480
6481
6482
6483
6485
6486
6487
6489
6490
6492
6495
6496
6498
6500
6503
6507
6508
6512
6514
6515
6516
6517
6521
6523
6524
6527
6528
6529
6530
6532
6533
6534
6536
6537
6538
6543
6545
6547
6549
6550
6554
6558
6559
6560
6562
6564
6565
6566
6576
6580
6581
6584
6589
6590
6591
6593
6597
6602
6605
6606
6607
6608
6609
6610
6611
6614
6617
6621
6622
6623
6626
6628
6629
6630
6631
6632
6635
6636
6637
6642
6648
6651
6653
6657
6658
6659
6663
6666
6667
6668
6669
6670
6671
6672
6673
6675
6676
6679
6680
6681
6683
6685
6686
6690
6691
6693
6697
6698
6699
6701
6702
6703
6705
6707
6708
6709
6713
6714
6717
6720
6721
6724
6728
6731
6732
6735
6740
6741
6746
6748
6757
6758
6759
6760
6764
6766
6767
6771
6777
6779
6781
6783
6784
6786
6787
6788
6789
6792
6797
6800
6802
6803
6804
6807
6810
6812
6813
6814
6816
6818
6820
6821
6822
6824
6826
6827
6828
6829
6830
6835
6836
6841
6845
6848
6850
6851
6852
6866
6868
6869
6871
6872
6874
6875
6876
6877
6878
6880
6882
6883
6884
6885
6887
6888
6890
6891
6894
6895
6898
6899
6901
6903
6904
6905
6914
6915
6916
6917
6918
6920
6925
6932
6937
6939
6942
6946
6947
6948
6951
6954
6955
6956
6959
6962
6963
6966
6969
6970
6971
6972
6974
6976
6978
6980
6981
6982
6984
6987
6992
6995
6998
7000
7003
7005
7006
7007
7020
7021
7022
7024
7026
7027
7028
7034
7035
7036
7040
7043
7048
7049
7053
7055
7057
7059
7062
7065
7066
7068
7070
7074
7080
7081
7082
7083
7088
7090
7092
7093
7094
7095
7097
7099
7100
7101
7103
7104
7105
7108
7110
7112
7113
7114
7117
7119
7123
7124
7127
7128
7132
7134
7135
7137
7138
7139
7143
7144
7145
7146
7148
7150
7151
7155
7159
7162
7164
7166
7167
7171
7174
7179
7180
7181
7183
7184
7187
7191
7193
7194
7195
7201
7204
7205
7207
7211
7215
7218
7219
7221
7223
7224
7225
7227
7228
7229
7230
7231
7233
7234
7235
7238
7239
7241
7245
7248
7249
7250
7253
7254
7255
7257
7259
7267
7269
7272
7274
7276
7277
7278
7279
7288
7298
7300
7301
7302
7307
7309
7311
7313
7314
7316
7317
7319
7322
7331
7332
7334
7335
7336
7340
7341
7342
7343
7344
7350
7358
7361
7362
7365
7366
7367
7368
7370
7373
7375
7377
7381
7384
7386
7387
7388
7390
7391
7392
7393
7394
7395
7397
7399
7400
7401
7402
7403
7404
7405
7412
7413
7416
7421
7425
7426
7430
7432
7433
7434
7435
7438
7439
7441
7443
7446
7449
7451
7452
7454
7455
7461
7466
7467
7472
7474
7479
7483
7484
7485
7487
7490
7497
7498
7500
7503
7505
7506
7507
7508
7509
7510
7511
7512
7513
7516
7517
7518
7519
7521
7523
7524
7528
7529
7530
7531
7532
7537
7538
7539
7542
7545
7547
7549
7553
7554
7555
7556
7557
7559
7560
7561
7568
7571
7573
7575
7578
7579
7581
7582
7584
7590
7591
7593
7594
7596
7598
7601
7602
7606
7610
7614
7616
7618
7619
7620
7621
7623
7625
7628
7629
7631
7637
7640
7642
7643
7647
7648
7652
7655
7658
7659
7662
7663
7665
7666
7669
7671
7672
7673
7676
7677
7678
7680
7682
7688
7689
7692
7693
7694
7695
7698
7700
7702
7703
7704
7706
7707
7710
7715
7716
7718
7720
7721
7723
7725
7728
7731
7735
7737
7740
7746
7751
7753
7757
7758
7760
7761
7762
7763
7764
7765
7772
7774
7775
7777
7778
7780
7783
7784
7786
7787
7788
7790
7794
7795
7799
7800
7802
7807
7808
7809
7810
7812
7813
7814
7818
7819
7820
7821
7823
7824
7827
7828
7838
7839
7840
7841
7842
7849
7851
7856
7857
7858
7859
7860
7862
7863
7864
7867
7869
7871
7874
7876
7877
7878
7879
7881
7883
7884
7885
7886
7890
7891
7892
7893
7898
7899
7900
7901
7903
7906
7907
7910
7912
7914
7916
7918
7922
7924
7931
7932
7933
7937
7938
7942
7943
7948
7949
7952
7953
7954
7955
7956
7958
7961
7966
7967
7969
7972
7974
7976
7977
7979
7982
7984
7985
7986
7987
7988
7993
7996
7998
7999
8000
8002
8004
8005
8011
8013
8014
8018
8019
8021
8025
8028
8029
8030
8032
8033
8037
8040
8042
8049
8051
8054
8055
8056
8057
8058
8063
8064
8065
8071
8072
8074
8075
8077
8078
8080
8081
8082
8083
8087
8088
8089
8091
8092
8094
8095
8096
8097
8099
8100
8102
8106
8114
8117
8122
8126
8128
8129
8130
8131
8134
8136
8137
8139
8142
8145
8146
8147
8149
8150
8151
8152
8154
8155
8156
8158
8160
8161
8162
8163
8164
8165
8166
8169
8170
8173
8177
8178
8181
8182
8183
8184
8186
8192
8194
8195
8196
8198
8199
8201
8202
8205
8208
8211
8212
8214
8219
8222
8226
8227
8228
8232
8233
8235
8236
8238
8242
8243
8246
8249
8250
8251
8252
8254
8256
8258
8264
8265
8266
8269
8274
8275
8279
8280
8281
8282
8283
8284
8285
8286
8288
8290
8291
8293
8294
8297
8299
8301
8302
8303
8304
8305
8307
8308
8309
8311
8316
8317
8320
8321
8324
8325
8327
8332
8334
8336
8337
8342
8343
8344
8345
8346
8350
8352
8353
8359
8362
8365
8367
8371
8372
8373
8374
8376
8379
8381
8382
8383
8385
8387
8388
8392
8393
8395
8398
8399
8401
8405
8407
8410
8417
8418
8419
8420
8421
8422
8424
8425
8427
8431
8433
8434
8437
8440
8441
8442
8443
8444
8447
8449
8450
8452
8460
8462
8463
8467
8468
8472
8473
8479
8480
8481
8482
8484
8485
8487
8490
8491
8494
8495
8497
8500
8504
8510
8511
8512
8516
8519
8522
8526
8527
8528
8540
8541
8546
8553
8554
8556
8557
8560
8563
8566
8567
8569
8571
8573
8575
8577
8580
8582
8583
8584
8585
8588
8589
8592
8597
8598
8600
8603
8606
8607
8608
8609
8610
8611
8612
8616
8622
8623
8625
8626
8631
8632
8634
8635
8640
8642
8645
8647
8654
8657
8660
8664
8665
8666
8667
8668
8670
8684
8685
8686
8687
8690
8693
8695
8699
8702
8704
8705
8707
8708
8710
8711
8713
8714
8717
8719
8720
8722
8724
8725
8726
8728
8730
8731
8732
8733
8734
8738
8742
8743
8745
8747
8749
8752
8753
8756
8757
8763
8764
8765
8766
8767
8768
8770
8773
8774
8775
8777
8781
8783
8787
8794
8795
8796
8798
8799
8802
8804
8806
8807
8808
8809
8815
8816
8817
8819
8822
8829
8830
8832
8835
8837
8842
8843
8844
8845
8850
8852
8854
8855
8857
8858
8863
8868
8869
8871
8872
8873
8879
8880
8881
8882
8884
8886
8887
8888
8889
8891
8892
8893
8894
8896
8897
8908
8909
8910
8913
8916
8917
8918
8919
8921
8925
8928
8931
8932
8934
8935
8936
8940
8941
8943
8947
8948
8949
8953
8959
8961
8962
8964
8971
8972
8974
8975
8980
8981
8983
8989
8992
8993
8995
8996
8998
9002
9003
9007
9008
9009
9010
9013
9016
9019
9022
9024
9025
9026
9027
9030
9035
9036
9040
9041
9043
9046
9047
9051
9053
9054
9056
9058
9059
9062
9063
9065
9067
9070
9071
9072
9074
9075
9079
9083
9084
9085
9086
9090
9091
9093
9101
9103
9104
9105
9108
9110
9113
9114
9119
9124
9125
9127
9128
9134
9135
9136
9138
9143
9144
9145
9146
9147
9148
9149
9152
9153
9154
9159
9165
9167
9168
9169
9171
9175
9176
9177
9178
9180
9181
9186
9189
9191
9192
9193
9194
9195
9197
9199
9201
9204
9205
9207
9208
9209
9215
9217
9218
9221
9222
9223
9224
9227
9228
9230
9231
9236
9240
9243
9244
9245
9247
9251
9252
9253
9256
9257
9260
9261
9262
9264
9266
9268
9269
9270
9273
9275
9284
9288
9291
9292
9296
9297
9298
9299
9300
9302
9304
9305
9310
9312
9313
9316
9317
9318
9319
9320
9321
9323
9324
9326
9327
9331
9333
9336
9339
9341
9342
9343
9347
9348
9349
9354
9356
9357
9358
9359
9360
9361
9367
9372
9375
9379
9380
9381
9382
9383
9384
9385
9386
9390
9391
9392
9393
9394
9396
9397
9399
9400
9406
9410
9411
9412
9416
9418
9419
9422
9427
9429
9430
9431
9432
9433
9435
9436
9437
9438
9439
9440
9446
9451
9453
9454
9456
9457
9459
9461
9462
9465
9466
9467
9472
9477
9478
9479
9480
9481
9485
9487
9490
9492
9494
9495
9499
9500
9502
9506
9507
9508
9511
9512
9514
9515
9516
9517
9519
9521
9522
9523
9524
9526
9529
9531
9533
9534
9536
9539
9541
9543
9544
9545
9550
9553
9556
9557
9559
9565
9566
9567
9575
9576
9580
9581
9587
9588
9592
9595
9597
9601
9604
9606
9607
9608
9609
9610
9612
9613
9615
9618
9619
9620
9621
9631
9634
9637
9638
9644
9646
9647
9648
9650
9652
9655
9657
9658
9660
9661
9662
9663
9665
9666
9667
9670
9673
9680
9684
9685
9687
9689
9690
9691
9692
9693
9695
9696
9700
9701
9703
9706
9708
9709
9710
9712
9713
9714
9717
9719
9725
9731
9732
9736
9738
9739
9740
9742
9744
9746
9748
9749
9750
9754
9756
9758
9759
9764
9769
9770
9771
9772
9773
9776
9777
9779
9782
9784
9786
9789
9790
9791
9792
9793
9794
9796
9797
9802
9803
9804
9805
9806
9810
9812
9814
9816
9819
9820
9821
9825
9829
9832
9833
9834
9836
9837
9839
9845
9846
9847
9848
9850
9851
9852
9854
9855
9856
9858
9859
9860
9861
9864
9865
9871
9873
9875
9881
9882
9883
9884
9890
9891
9894
9895
9896
9897
9898
9899
9905
9906
9912
9913
9920
9923
9924
9925
9928
9929
9931
9933
9934
9937
9940
9941
9946
9948
9949
9950
9951
9952
9953
9955
9957
9958
9961
9968
9969
9973
9976
9977
9978
9979
9980
9986
9987
9988
9989
9990
9993
9995
9996
9997
9998
9999
Case #2:
0
1
5
7
9
12
13
15
16
17
19
20
21
23
25
26
27
29
32
33
35
38
40
41
42
45
46
47
52
53
54
55
58
60
61
69
70
75
76
81
83
85
89
92
94
95
97
101
104
105
108
111
112
115
121
122
123
124
127
128
130
131
132
134
136
137
138
140
141
142
145
146
147
148
151
152
153
156
157
158
160
162
163
167
168
176
177
178
179
180
181
185
187
189
191
196
201
202
205
207
208
212
213
214
217
218
220
221
222
223
224
226
229
230
232
234
235
236
237
240
241
242
243
246
248
253
254
255
256
257
258
259
265
269
273
274
276
279
282
284
285
286
287
292
295
296
298
300
303
304
305
307
308
309
312
313
314
315
320
322
324
325
328
329
331
332
336
338
340
341
343
344
345
347
351
353
354
355
359
360
364
365
366
368
373
374
375
377
380
382
384
386
388
389
390
393
394
395
398
399
404
405
406
408
418
419
420
423
425
428
431
436
437
440
442
445
447
448
449
451
456
457
460
463
466
468
469
471
473
474
476
477
478
482
489
492
494
497
502
505
506
507
508
510
511
513
515
516
518
520
521
523
525
526
529
531
532
533
534
535
536
540
543
544
549
552
554
555
556
558
560
562
564
567
568
570
573
574
575
576
578
580
581
584
585
586
587
589
590
592
598
599
600
602
605
606
608
614
615
616
620
621
624
628
630
632
633
634
639
640
642
643
647
649
650
653
654
656
661
670
671
673
676
677
678
682
684
690
693
696
698
702
704
707
708
709
710
711
712
714
718
722
724
725
726
727
730
734
737
738
739
740
744
746
747
753
754
755
761
762
768
769
774
775
782
784
786
792
793
795
796
797
799
802
806
807
808
810
823
825
826
827
829
832
834
835
839
842
843
846
847
849
850
854
855
856
858
859
860
861
862
864
868
870
871
877
881
884
886
895
896
898
900
903
904
907
909
915
919
921
922
925
929
931
935
936
937
939
940
942
944
946
947
949
953
954
955
956
957
958
959
961
966
967
968
971
973
975
976
977
978
979
981
983
985
989
990
993
994
996
998
999
1001
1003
1004
1009
1010
1012
1014
1016
1017
1019
1021
1022
1023
1026
1027
1028
1029
1031
1035
1036
1037
1039
1042
1043
1045
1046
1047
1049
1051
1053
1059
1063
1064
1065
1076
1077
1078
1080
1081
1082
1083
1084
1085
1087
1091
1095
1096
1098
1099
1100
1104
1108
1109
1111
1112
1113
1118
1119
1124
1127
1129
1131
1134
1135
1137
1138
1143
1144
1146
1150
1152
1153
1154
1155
1156
1157
1159
1162
1164
1166
1167
1168
1169
1170
1171
1172
1174
1179
1180
1182
1186
1187
1188
1189
1190
1195
1199
1200
1205
1209
1210
1211
1212
1213
1214
1215
1216
1217
1219
1221
1222
1224
1225
1226
1227
1228
1233
1237
1242
1244
1245
1246
1250
1252
1254
1255
1259
1261
1268
1269
1270
1271
1272
1276
1277
1279
1280
1283
1288
1292
1295
1297
1301
1302
1303
1304
1305
1306
1307
1308
1309
1312
1313
1314
1316
1317
1319
1322
1323
1325
1326
1327
1329
1330
1334
1335
1339
1341
1342
1343
1346
1347
1353
1355
1359
1361
1362
1364
1365
1366
1367
1368
1371
1372
1374
1376
1378
1379
1381
1383
1387
1388
1391
1392
1394
1402
1403
1407
1408
1409
1410
1411
1412
1413
1414
1415
1416
1422
1423
1431
1435
1439
1441
1442
1445
1447
1449
1450
1452
1455
1459
1466
1467
1468
1471
1472
1473
1476
1478
1479
1480
1481
1482
1483
1484
1485
1488
1490
1491
1492
1493
1495
1496
1497
1500
1501
1502
1503
1505
1506
1507
1511
1512
1515
1516
1517
1518
1519
1520
1524
1530
1531
1532
1537
1538
1542
1543
1547
1548
1552
1553
1554
1556
1558
1559
1560
1562
1563
1565
1566
1568
1571
1577
1579
1582
1584
1587
1588
1589
1591
1592
1596
1597
1600
1602
1604
1605
1607
1611
1612
1613
1614
1616
1617
1618
1619
1620
1624
1628
1629
1631
1633
1634
1635
1636
1637
1639
1643
1644
1645
1646
1647
1648
1649
1650
1652
1653
1657
1658
1659
1661
1664
1665
1668
1669
1671
1672
1676
1677
1681
1683
1685
1689
1695
1697
1698
1699
1701
1703
1704
1706
1708
1709
1710
1713
1714
1715
1717
1718
1721
1723
1728
1730
1732
1733
1736
1740
1741
1744
1746
1747
1748
1754
1756
1757
1760
1761
1767
1769
1770
1775
1778
1779
1780
1781
1782
1783
1784
1786
1789
1790
1791
1793
1796
1798
1800
1804
1806
1807
1808
1812
1815
1817
1818
1820
1823
1824
1827
1829
1830
1833
1835
1836
1837
1841
1843
1844
1847
1851
1858
1864
1872
1874
1876
1879
1888
1889
1891
1892
1893
1894
1896
1897
1899
1902
1903
1904
1905
1908
1910
1911
1913
1914
1916
1919
1920
1922
1924
1925
1926
1927
1935
1936
1938
1944
1947
1950
1953
1954
1958
1961
1963
1965
1968
1973
1974
1977
1978
1980
1983
1984
1985
1986
1987
1993
1994
1995
1999
2005
2009
2011
2013
2015
2018
2020
2021
2022
2030
2033
2034
2037
2040
2041
2042
2043
2045
2048
2049
2050
2059
2061
2062
2063
2066
2071
2072
2073
2075
2076
2078
2085
2086
2087
2088
2089
2092
2093
2094
2095
2102
2103
2105
2107
2108
2110
2115
2116
2117
2121
2123
2124
2125
2126
2127
2129
2130
2132
2135
2136
2139
2143
2147
2148
2150
2154
2155
2156
2158
2159
2160
2163
2164
2169
2170
2171
2172
2175
2181
2184
2185
2186
2187
2191
2192
2197
2199
2203
2212
2215
2217
2222
2223
2224
2226
2227
2228
2229
2231
2232
2235
2243
2244
2247
2250
2252
2254
2258
2259
2260
2263
2267
2270
2272
2278
2280
2285
2287
2289
2291
2292
2293
2296
2298
2300
2307
2308
2309
2310
2312
2315
2316
2320
2321
2323
2326
2327
2330
2331
2334
2335
2337
2339
2341
2342
2343
2344
2345
2346
2347
2348
2349
2351
2357
2360
2361
2363
2364
2365
2368
2370
2371
2373
2374
2375
2380
2382
2385
2390
2391
2393
2395
2397
2398
2399
2400
2401
2402
2403
2406
2409
2411
2413
2414
2418
2422
2424
2427
2428
2429
2430
2437
2438
2441
2442
2444
2445
2446
2447
2448
2451
2453
2455
2456
2460
2461
2462
2464
2465
2467
2469
2470
2472
2474
2478
2479
2481
2484
2486
2489
2490
2492
2496
2499
2501
2502
2503
2506
2510
2515
2517
2518
2519
2520
2522
2525
2527
2528
2531
2537
2538
2539
2542
2546
2547
2548
2552
2553
2555
2557
2558
2559
2560
2561
2563
2565
2568
2569
2570
2571
2572
2574
2578
2581
2583
2585
2586
2591
2592
2594
2595
2597
2598
2599
2605
2607
2608
2610
2611
2612
2613
2614
2615
2618
2621
2623
2624
2625
2626
2627
2629
2632
2634
2636
2637
2638
2640
2643
2644
2645
2648
2651
2652
2656
2657
2659
2662
2664
2665
2669
2670
2671
2672
2673
2677
2679
2680
2684
2687
2688
2692
2696
2699
2700
2701
2705
2709
2710
2711
2713
2714
2715
2717
2719
2721
2722
2723
2724
2725
2726
2727
2728
2729
2730
2732
2733
2735
2737
2741
2742
2744
2746
2747
2752
2754
2756
2759
2760
2761
2762
2767
2768
2770
2771
2772
2773
2774
2776
2778
2779
2782
2783
2786
2787
2789
2795
2799
2801
2805
2808
2810
2813
2814
2816
2817
2818
2823
2828
2830
2831
2832
2833
2834
2839
2841
2842
2845
2849
2852
2854
2855
2857
2858
2859
2860
2862
2863
2864
2866
2867
2869
2870
2875
2876
2878
2879
2881
2883
2884
2885
2886
2887
2888
2890
2892
2894
2900
2901
2902
2904
2906
2907
2912
2917
2918
2919
2920
2922
2925
2926
2927
2928
2929
2931
2933
2934
2935
2936
2941
2943
2944
2947
2948
2951
2952
2954
2955
2962
2963
2966
2967
2970
2974
2978
2980
2982
2987
2988
2990
2996
2997
3001
3003
3004
3006
3011
3013
3014
3016
3017
3018
3020
3021
3022
3023
3025
3027
3030
3032
3034
3035
3038
3040
3041
3043
3045
3047
3049
3051
3053
3054
3057
3060
3061
3066
3067
3071
3072
3074
3075
3076
3077
3078
3081
3082
3083
3086
3088
3089
3092
3094
3099
3100
3105
3107
3109
3110
3111
3113
3116
3119
3120
3122
3127
3128
3131
3140
3141
3142
3143
3146
3148
3149
3156
3160
3163
3164
3167
3168
3172
3173
3176
3180
3181
3184
3189
3191
3194
3196
3197
3200
3201
3204
3211
3212
3214
3215
3218
3220
3225
3227
3229
3230
3231
3232
3234
3242
3245
3246
3248
3255
3256
3259
3263
3266
3270
3272
3275
3276
3277
3278
3281
3282
3285
3286
3287
3290
3293
3294
3296
3299
3300
3301
3306
3307
3312
3313
3315
3318
3324
3325
3327
3328
3333
3336
3337
3338
3339
3340
3341
3342
3343
3345
3347
3348
3349
3350
3351
3352
3354
3355
3356
3357
3359
3362
3368
3369
3370
3371
3372
3375
3376
3379
3383
3387
3391
3392
3394
3397
3399
3400
3401
3404
3406
3408
3410
3411
3417
3418
3419
3420
3422
3430
3431
3432
3434
3438
3439
3445
3451
3453
3456
3459
3460
3464
3465
3466
3470
3475
3476
3477
3478
3479
3481
3483
3486
3488
3489
3490
3492
3496
3497
3499
3500
3505
3506
3507
3514
3516
3517
3523
3527
3530
3531
3533
3534
3535
3538
3540
3541
3543
3546
3547
3548
3550
3551
3553
3554
3556
3557
3558
3559
3560
3562
3564
3567
3568
3572
3574
3575
3579
3581
3582
3588
3590
3596
3597
3598
3600
3601
3605
3608
3613
3616
3617
3620
3623
3625
3626
3627
3629
3630
3631
3633
3634
3636
3637
3638
3641
3647
3648
3649
3650
3652
3653
3655
3658
3662
3663
3665
3666
3672
3675
3676
3677
3681
3682
3683
3684
3685
3687
3689
3691
3693
3697
3699
3701
3702
3703
3704
3706
3708
3709
3710
3711
3712
3716
3718
3719
3721
3724
3727
3732
3734
3735
3737
3738
3739
3743
3746
3747
3750
3753
3755
3760
3761
3764
3765
3766
3767
3769
3772
3774
3778
3782
3785
3786
3791
3792
3794
3796
3797
3798
3799
3801
3802
3803
3804
3806
3807
3809
3810
3811
3812
3814
3815
3817
3818
3820
3821
3822
3824
3827
3828
3829
3831
3834
3835
3838
3839
3840
3841
3843
3845
3851
3852
3853
3854
3855
3856
3857
3859
3865
3866
3867
3869
3871
3872
3875
3876
3877
3878
3880
3881
3882
3885
3886
3887
3889
3891
3893
3894
3897
3898
3901
3903
3904
3907
3908
3909
3910
3914
3916
3922
3924
3928
3932
3934
3935
3936
3939
3940
3941
3942
3944
3947
3950
3952
3957
3960
3961
3964
3965
3966
3968
3969
3970
3971
3974
3977
3982
3983
3985
3986
3991
3992
3997
3998
3999
4000
4003
4005
4006
4008
4011
4013
4016
4017
4018
4019
4020
4021
4022
4025
4026
4030
4031
4034
4036
4040
4042
4043
4045
4047
4048
4053
4054
4059
4065
4067
4071
4073
4076
4080
4084
4085
4088
4089
4091
4093
4094
4095
4096
4097
4099
4100
4107
4108
4110
4113
4115
4116
4117
4118
4123
4125
4127
4128
4132
4135
4137
4139
4140
4141
4143
4147
4148
4151
4156
4158
4160
4161
4162
4164
4165
4166
4169
4170
4171
4173
4179
4180
4182
4183
4185
4187
4189
4191
4192
4193
4194
4199
4200
4203
4204
4205
4206
4207
4209
4210
4211
4212
4215
4216
4218
4221
4223
4225
4226
4228
4230
4234
4235
4236
4237
4238
4239
4242
4246
4247
4248
4250
4251
4252
4253
4255
4256
4257
4260
4261
4263
4266
4268
4270
4273
4277
4278
4279
4283
4286
4287
4288
4289
4290
4291
4296
4297
4300
4303
4304
4306
4307
4312
4315
4320
4322
4325
4327
4328
4336
4337
4338
4339
4342
4343
4346
4347
4348
4350
4360
4362
4363
4366
4367
4369
4371
4372
4373
4374
4379
4381
4382
4384
4386
4387
4389
4390
4391
4392
4394
4395
4396
4400
4401
4402
4404
4407
4411
4414
4415
4416
4420
4422
4428
4429
4433
4434
4435
4436
4437
4439
4440
4443
4444
4447
4449
4450
4453
4460
4462
4464
4466
4468
4470
4477
4481
4488
4491
4494
4495
4496
4498
4502
4503
4505
4506
4509
4510
4512
4515
4518
4522
4524
4526
4527
4530
4532
4535
4536
4537
4539
4540
4541
4545
4547
4548
4549
4550
4551
4557
4558
4561
4562
4563
4564
4565
4567
4568
4572
4576
4577
4578
4582
4583
4588
4589
4591
4596
4598
4600
4601
4607
4609
4610
4612
4615
4618
4619
4620
4627
4631
4636
4638
4639
4642
4643
4646
4647
4648
4651
4654
4666
4667
4672
4676
4678
4679
4680
4681
4684
4685
4687
4690
4695
4696
4697
4701
4703
4704
4706
4708
4710
4711
4712
4713
4714
4717
4718
4725
4726
4727
4730
4732
4734
4742
4743
4744
4746
4747
4748
4751
4752
4753
4755
4760
4762
4769
4771
4772
4773
4774
4776
4779
4780
4781
4786
4789
4791
4792
4793
4795
4799
4800
4805
4807
4809
4811
4813
4814
4816
4819
4820
4821
4822
4823
4825
4828
4830
4831
4832
4834
4835
4836
4839
4841
4845
4846
4847
4848
4849
4850
4851
4855
4856
4858
4860
4861
4862
4864
4865
4866
4868
4869
4871
4877
4879
4881
4883
4884
4888
4889
4895
4896
4897
4903
4906
4908
4909
4911
4916
4918
4927
4928
4930
4931
4933
4936
4938
4941
4944
4946
4948
4949
4951
4952
4954
4955
4957
4959
4960
4961
4962
4965
4968
4969
4970
4971
4973
4974
4975
4976
4980
4982
4984
4985
4986
4987
4989
4992
4994
4996
4997
4999
5001
5005
5008
5011
5014
5015
5016
5017
5018
5019
5022
5023
5025
5026
5027
5032
5034
5036
5037
5039
5040
5045
5046
5047
5050
5051
5056
5062
5063
5066
5069
5070
5071
5073
5074
5076
5077
5079
5080
5081
5084
5085
5087
5088
5090
5091
5092
5100
5103
5104
5105
5112
5116
5118
5120
5122
5127
5130
5131
5133
5134
5136
5137
5139
5140
5142
5144
5145
5150
5151
5154
5157
5160
5161
5164
5165
5170
5171
5172
5173
5174
5180
5181
5182
5186
5188
5190
5191
5193
5194
5197
5200
5201
5209
5210
5211
5214
5216
5218
5220
5222
5223
5224
5226
5227
5228
5230
5232
5234
5235
5239
5240
5241
5243
5248
5249
5250
5252
5256
5257
5260
5262
5263
5265
5268
5270
5274
5275
5276
5277
5278
5279
5282
5283
5284
5286
5294
5296
5297
5303
5305
5307
5308
5311
5314
5315
5316
5318
5320
5323
5325
5327
5330
5333
5339
5342
5343
5351
5353
5354
5356
5357
5358
5359
5360
5364
5367
5370
5371
5372
5375
5381
5384
5385
5389
5391
5392
5394
5401
5402
5403
5404
5405
5406
5407
5410
5413
5414
5415
5417
5420
5425
5426
5428
5429
5434
5435
5436
5439
5440
5441
5443
5444
5445
5447
5451
5454
5456
5459
5461
5462
5464
5466
5468
5469
5474
5475
5476
5477
5478
5479
5481
5482
5484
5485
5486
5489
5490
5495
5496
5497
5505
5507
5509
5513
5514
5515
5518
5520
5521
5524
5526
5528
5529
5531
5532
5535
5536
5540
5541
5543
5545
5547
5548
5549
5550
5554
5555
5561
5562
5563
5564
5565
5566
5567
5568
5569
5570
5573
5574
5575
5576
5577
5580
5581
5582
5583
5584
5586
5591
5592
5593
5596
5597
5598
5600
5602
5603
5607
5610
5611
5613
5615
5616
5618
5621
5622
5623
5624
5626
5628
5632
5633
5635
5640
5642
5645
5648
5650
5651
5652
5656
5660
5661
5668
5673
5674
5675
5676
5680
5681
5683
5684
5691
5692
5695
5696
5703
5705
5707
5712
5714
5718
5721
5723
5724
5726
5729
5732
5734
5735
5744
5745
5748
5752
5757
5758
5761
5767
5769
5770
5772
5773
5777
5785
5791
5795
5797
5798
5802
5803
5805
5806
5808
5809
5812
5814
5815
5818
5821
5822
5823
5826
5828
5830
5836
5837
5838
5840
5841
5842
5849
5853
5854
5855
5856
5858
5862
5863
5865
5866
5868
5873
5876
5879
5882
5883
5884
5887
5888
5889
5890
5893
5894
5899
5900
5901
5902
5903
5906
5909
5910
5912
5913
5914
5917
5918
5919
5920
5921
5922
5923
5926
5928
5932
5933
5934
5935
5936
5938
5940
5941
5948
5950
5952
5953
5954
5955
5956
5957
5958
5959
5960
5961
5964
5965
5966
5968
5969
5973
5976
5977
5980
5981
5982
5986
5993
5995
5998
6000
6003
6004
6005
6006
6009
6011
6013
6014
6015
6018
6019
6021
6026
6027
6030
6031
6032
6033
6037
6042
6043
6049
6050
6051
6053
6054
6055
6060
6061
6063
6066
6067
6069
6070
6072
6073
6074
6075
6076
6078
6081
6082
6083
6088
6091
6092
6093
6095
6096
6097
6099
6104
6105
6106
6108
6109
6111
6113
6118
6119
6122
6123
6124
6125
6126
6128
6129
6132
6136
6137
6138
6141
6144
6147
6148
6149
6151
6152
6153
6154
6156
6158
6160
6161
6162
6163
6164
6165
6166
6170
6173
6175
6176
6183
6185
6187
6188
6189
6190
6194
6195
6196
6197
6198
6199
6200
6202
6203
6204
6205
6207
6210
6212
6213
6214
6215
6217
6221
6224
6226
6227
6229
6232
6234
6235
6236
6239
6241
6243
6244
6245
6247
6250
6251
6252
6253
6254
6255
6257
6259
6262
6263
6270
6275
6277
6280
6281
6282
6283
6285
6287
6293
6294
6295
6296
6298
6304
6305
6306
6307
6312
6313
6314
6317
6318
6320
6321
6323
6327
6329
6330
6334
6335
6338
6341
6345
6347
6350
6351
6354
6358
6360
6361
6363
6364
6365
6369
6375
6380
6381
6383
6384
6385
6386
6387
6389
6390
6391
6395
6396
6397
6398
6399
6401
6403
6404
6407
6408
6412
6415
6416
6417
6422
6427
6429
6431
6435
6436
6438
6441
6443
6444
6445
6451
6452
6454
6455
6457
6461
6462
6464
6465
6468
6469
6474
6475
6477
6478
6479
6483
6484
6485
6487
6488
6489
6491
6493
6495
6498
6500
6501
6502
6503
6504
6507
6509
6512
6518
6519
6520
6521
6526
6531
6532
6540
6542
6544
6545
6546
6547
6548
6549
6551
6554
6556
6559
6561
6562
6563
6564
6565
6567
6571
6573
6575
6579
6580
6583
6585
6586
6588
6589
6590
6591
6594
6595
6597
6598
6600
6602
6603
6606
6609
6610
6611
6615
6617
6618
6619
6623
6624
6625
6627
6629
6630
6631
6634
6640
6642
6643
6645
6647
6649
6651
6653
6655
6659
6661
6664
6665
6666
6668
6669
6671
6672
6675
6676
6677
6678
6681
6682
6685
6686
6687
6688
6689
6691
6697
6699
6705
6706
6713
6714
6718
6719
6721
6722
6725
6730
6732
6735
6736
6738
6739
6741
6742
6746
6748
6751
6753
6754
6761
6764
6765
6766
6767
6768
6770
6771
6773
6776
6777
6778
6780
6781
6782
6783
6785
6786
6788
6789
6791
6792
6794
6796
6798
6804
6806
6807
6808
6810
6812
6813
6815
6817
6818
6819
6820
6821
6824
6825
6827
6828
6829
6830
6833
6835
6836
6837
6840
6842
6844
6845
6846
6851
6852
6854
6855
6859
6860
6861
6862
6863
6864
6866
6868
6869
6870
6871
6872
6874
6876
6877
6878
6879
6880
6882
6883
6890
6892
6893
6894
6896
6898
6902
6903
6905
6907
6909
6911
6912
6913
6915
6918
6924
6930
6935
6936
6939
6940
6941
6942
6945
6946
6950
6952
6953
6956
6957
6958
6966
6969
6972
6975
6981
6983
6985
6989
6992
6995
6996
6998
6999
7002
7004
7007
7012
7019
7020
7022
7026
7027
7029
7030
7034
7035
7037
7038
7042
7043
7045
7046
7047
7048
7049
7052
7057
7058
7064
7065
7067
7070
7072
7073
7077
7078
7079
7080
7085
7091
7094
7095
7096
7097
7098
7099
7101
7108
7109
7110
7112
7114
7115
7116
7117
7118
7120
7121
7124
7126
7128
7132
7135
7138
7139
7140
7143
7145
7147
7150
7152
7153
7155
7156
7157
7158
7159
7161
7163
7165
7166
7167
7168
7170
7171
7172
7173
7174
7175
7178
7183
7184
7187
7192
7193
7194
7195
7199
7200
7201
7202
7205
7206
7208
7210
7211
7213
7217
7218
7220
7221
7225
7226
7230
7231
7232
7234
7236
7240
7241
7242
7243
7244
7246
7247
7248
7250
7253
7255
7258
7262
7263
7264
7266
7268
7270
7272
7274
7277
7279
7280
7282
7283
7284
7294
7295
7297
7299
7300
7301
7302
7304
7305
7306
7310
7311
7312
7313
7316
7317
7319
7320
7321
7322
7323
7326
7327
7328
7329
7330
7334
7335
7336
7338
7339
7341
7342
7343
7345
7347
7351
7352
7353
7354
7356
7359
7360
7361
7363
7367
7371
7372
7373
7375
7376
7379
7380
7382
7384
7386
7389
7390
7393
7395
7396
7401
7402
7403
7405
7407
7410
7411
7414
7415
7420
7421
7422
7423
7425
7426
7428
7429
7433
7435
7441
7442
7443
7444
7445
7447
7448
7450
7451
7456
7457
7459
7460
7462
7463
7464
7469
7471
7474
7476
7478
7480
7481
7482
7483
7484
7486
7487
7488
7493
7496
7500
7502
7505
7507
7509
7513
7514
7516
7517
7518
7519
7520
7521
7522
7523
7525
7526
7527
7529
7530
7531
7534
7536
7537
7539
7540
7542
7544
7545
7546
7547
7551
7552
7553
7555
7556
7558
7559
7560
7563
7564
7568
7570
7573
7575
7577
7582
7583
7585
7586
7587
7588
7591
7595
7601
7612
7613
7614
7615
7616
7622
7623
7627
7630
7631
7633
7634
7637
7638
7641
7643
7644
7645
7654
7658
7662
7665
7666
7672
7674
7676
7677
7679
7680
7681
7683
7684
7685
7687
7688
7689
7690
7693
7697
7700
7702
7703
7706
7707
7710
7711
7712
7713
7714
7718
7724
7727
7733
7736
7739
7742
7743
7748
7758
7759
7761
7763
7765
7768
7770
7771
7772
7775
7777
7778
7779
7780
7782
7783
7785
7787
7788
7789
7793
7795
7799
7803
7804
7807
7808
7809
7810
7812
7814
7816
7817
7818
7822
7824
7825
7826
7827
7828
7831
7832
7838
7842
7843
7846
7847
7848
7851
7855
7857
7859
7863
7866
7870
7871
7875
7876
7877
7878
7881
7891
7892
7893
7895
7896
7897
7899
7901
7903
7905
7907
7909
7910
7913
7914
7916
7917
7919
7920
7921
7925
7927
7932
7933
7934
7935
7940
7942
7944
7947
7948
7949
7954
7955
7956
7957
7960
7961
7971
7973
7974
7976
7978
7979
7980
7981
7982
7983
7984
7987
7989
7990
7993
7996
7999
8000
8002
8003
8006
8007
8011
8012
8013
8014
8015
8016
8017
8021
8028
8030
8032
8035
8036
8037
8039
8040
8042
8043
8044
8048
8052
8055
8056
8058
8060
8061
8064
8065
8066
8073
8074
8076
8077
8080
8081
8084
8085
8086
8089
8091
8095
8097
8100
8104
8105
8112
8113
8114
8115
8117
8118
8122
8125
8128
8129
8130
8132
8133
8136
8139
8140
8141
8142
8146
8148
8149
8151
8152
8153
8154
8155
8156
8157
8161
8165
8167
8169
8170
8174
8180
8181
8182
8184
8185
8192
8193
8195
8197
8198
8199
8205
8208
8211
8214
8215
8216
8217
8219
8220
8222
8224
8227
8228
8229
8230
8231
8232
8233
8234
8235
8237
8238
8239
8240
8243
8247
8248
8251
8252
8253
8254
8256
8257
8261
8262
8263
8268
8274
8278
8279
8281
8282
8283
8288
8292
8294
8295
8298
8309
8321
8323
8324
8325
8327
8328
8329
8330
8331
8332
8334
8337
8344
8346
8347
8349
8350
8353
8354
8355
8356
8357
8358
8365
8368
8371
8372
8373
8376
8377
8378
8381
8383
8387
8388
8389
8396
8398
8401
8403
8406
8408
8411
8417
8426
8427
8432
8437
8439
8445
8446
8447
8449
8450
8452
8453
8454
8455
8456
8459
8462
8463
8466
8468
8469
8470
8471
8472
8476
8477
8478
8479
8482
8483
8484
8490
8492
8495
8497
8499
8500
8501
8504
8508
8509
8510
8511
8513
8516
8520
8521
8526
8529
8530
8531
8532
8533
8534
8538
8539
8540
8542
8543
8546
8547
8550
8551
8553
8554
8555
8562
8563
8566
8570
8572
8574
8578
8582
8585
8586
8589
8592
8594
8595
8596
8597
8598
8600
8601
8604
8605
8606
8607
8608
8610
8612
8615
8617
8618
8619
8621
8622
8625
8626
8627
8630
8631
8633
8635
8637
8638
8640
8644
8646
8647
8648
8652
8655
8658
8659
8668
8669
8671
8672
8674
8680
8683
8686
8687
8688
8689
8696
8699
8700
8701
8704
8705
8706
8709
8714
8717
8719
8720
8722
8723
8724
8726
8727
8729
8734
8736
8745
8750
8751
8752
8753
8756
8757
8758
8759
8760
8761
8762
8763
8764
8766
8767
8768
8769
8770
8771
8772
8773
8774
8775
8777
8778
8781
8783
8786
8787
8789
8791
8798
8799
8803
8807
8808
8810
8811
8812
8813
8815
8817
8823
8825
8826
8827
8828
8831
8835
8839
8841
8843
8844
8847
8850
8852
8854
8856
8861
8866
8869
8871
8872
8876
8877
8880
8882
8885
8887
8888
8892
8899
8900
8907
8908
8909
8911
8912
8914
8915
8916
8917
8918
8921
8923
8925
8926
8928
8929
8930
8932
8933
8934
8935
8937
8938
8939
8940
8941
8944
8948
8949
8950
8953
8954
8958
8959
8960
8965
8966
8970
8971
8975
8979
8980
8981
8982
8983
8987
8989
8991
8992
8994
8995
8996
8998
9000
9002
9003
9004
9005
9007
9012
9013
9016
9018
9019
9020
9021
9027
9029
9030
9031
9033
9035
9041
9050
9051
9052
9055
9056
9059
9066
9067
9068
9070
9072
9075
9077
9079
9081
9083
9084
9089
9090
9092
9096
9097
9098
9100
9101
9104
9107
9108
9109
9113
9114
9115
9116
9120
9127
9128
9129
9130
9131
9133
9134
9135
9137
9138
9139
9140
9141
9142
9143
9145
9146
9148
9149
9152
9155
9158
9159
9160
9166
9168
9170
9177
9179
9182
9183
9185
9188
9189
9191
9201
9206
9208
9209
9210
9211
9216
9217
9218
9221
9222
9224
9225
9228
9236
9237
9238
9243
9244
9246
9248
9250
9252
9255
9256
9258
9259
9260
9261
9262
9263
9264
9265
9268
9269
9270
9272
9273
9274
9276
9278
9279
9280
9282
9285
9286
9287
9292
9293
9294
9295
9296
9297
9298
9304
9305
9307
9309
9312
9314
9318
9319
9320
9321
9322
9324
9326
9332
9335
9336
9337
9342
9347
9351
9353
9355
9357
9358
9361
9364
9365
9366
9369
9372
9373
9376
9378
9382
9384
9387
9388
9390
9391
9392
9393
9394
9396
9399
9400
9401
9402
9413
9414
9415
9416
9418
9420
9422
9425
9426
9427
9428
9429
9431
9434
9435
9438
9441
9445
9446
9447
9450
9451
9452
9453
9454
9455
9458
9459
9461
9464
9466
9467
9470
9472
9476
9477
9478
9479
9481
9483
9489
9490
9492
9494
9500
9501
9504
9507
9508
9511
9512
9513
9515
9516
9517
9518
9519
9523
9525
9528
9532
9534
9535
9537
9540
9542
9544
9546
9548
9552
9554
9555
9556
9557
9560
9562
9564
9566
9567
9568
9569
9570
9571
9573
9574
9575
9576
9577
9580
9582
9587
9590
9594
9595
9598
9602
9604
9606
9608
9609
9611
9612
9614
9615
9617
9620
9625
9626
9627
9630
9632
9637
9638
9640
9641
9642
9644
9651
9654
9655
9657
9660
9661
9664
9666
9667
9668
9670
9672
9674
9675
9676
9677
9678
9679
9680
9681
9684
9686
9687
9688
9689
9690
9693
9694
9695
9696
9699
9702
9703
9707
9708
9709
9711
9713
9714
9716
9718
9720
9721
9723
9725
9728
9730
9731
9734
9735
9736
9737
9740
9741
9742
9743
9746
9747
9749
9750
9751
9753
9756
9760
9761
9763
9765
9767
9769
9770
9771
9773
9774
9776
9778
9780
9782
9783
9784
9790
9791
9793
9794
9797
9798
9804
9805
9807
9808
9809
9810
9811
9812
9815
9818
9819
9820
9823
9824
9825
9826
9827
9828
9836
9838
9842
9847
9857
9858
9859
9860
9861
9864
9868
9869
9870
9871
9872
9875
9879
9880
9883
9884
9885
9886
9887
9889
9896
9898
9900
9901
9902
9905
9906
9910
9911
9914
9915
9916
9919
9920
9922
9924
9925
9933
9939
9945
9947
9951
9952
9954
9956
9957
9959
9962
9964
9967
9973
9978
9980
9985
9987
9988
9991
9994
9995
9997
9999
Case #3:
0
1
4
5
6
8
10
15
16
18
19
20
21
23
24
25
26
28
31
32
34
35
36
38
42
44
45
48
49
50
56
57
62
67
68
69
71
73
75
78
79
80
81
84
88
91
92
94
95
97
98
99
100
101
102
103
105
108
109
110
113
115
118
119
120
125
126
128
132
133
134
135
137
138
139
141
142
143
150
151
153
154
156
157
160
163
164
165
167
172
174
175
178
185
187
190
192
193
194
197
200
202
209
213
218
219
223
224
227
228
230
231
233
234
235
236
237
238
239
240
242
243
244
245
246
248
250
254
255
257
259
260
261
266
268
270
272
273
274
281
284
285
286
287
288
289
290
293
295
296
297
298
299
302
303
304
305
306
308
312
315
316
320
321
322
324
325
326
328
330
331
333
337
339
342
343
347
351
353
354
355
358
359
361
363
366
369
370
371
372
373
375
376
379
380
383
384
389
390
391
397
403
404
408
410
412
413
414
416
417
422
423
425
426
430
433
434
435
436
437
438
440
444
445
446
447
449
450
451
452
455
456
457
459
460
461
462
463
467
468
469
472
474
475
480
481
482
483
485
488
490
492
495
498
499
501
502
503
504
505
507
512
513
514
516
517
521
523
524
526
527
528
531
532
537
539
540
542
543
544
546
548
551
552
553
554
555
556
561
562
563
564
566
567
568
569
572
573
574
575
576
577
578
579
580
584
585
586
588
590
591
592
598
599
600
603
604
605
606
607
609
611
612
617
618
619
620
625
627
631
635
640
643
644
646
647
648
651
654
655
656
662
664
665
666
667
668
670
671
673
675
676
677
681
685
686
687
688
689
691
693
694
695
696
697
700
701
702
703
704
705
706
707
708
709
711
713
714
715
716
717
725
726
727
729
730
731
732
733
734
739
740
744
746
748
749
750
751
753
757
758
759
760
764
765
768
770
771
774
779
780
781
783
786
787
791
792
794
797
799
800
805
808
810
811
813
818
821
822
830
836
839
840
841
843
844
846
847
849
850
851
859
860
862
863
867
871
875
876
879
880
881
883
884
885
887
888
893
896
902
904
906
909
910
911
915
916
920
922
925
927
928
930
931
933
935
936
937
938
939
940
941
943
944
948
949
953
954
957
958
959
960
961
962
965
966
967
969
971
974
975
978
979
980
981
982
983
984
985
986
987
989
990
996
997
998
999
1001
1004
1006
1010
1014
1015
1020
1021
1023
1024
1026
1032
1033
1036
1039
1041
1044
1045
1046
1047
1050
1051
1052
1053
1054
1055
1056
1058
1060
1061
1065
1066
1067
1068
1069
1071
1073
1075
1077
1080
1081
1085
1087
1088
1089
1094
1096
1098
1100
1101
1103
1107
1108
1109
1111
1113
1115
1120
1124
1125
1128
1129
1130
1133
1134
1135
1136
1140
1141
1142
1143
1145
1147
1148
1149
1150
1151
1152
1154
1156
1157
1158
1159
1162
1164
1165
1168
1172
1174
1176
1179
1180
1181
1184
1185
1186
1187
1188
1191
1193
1195
1198
1199
1201
1202
1204
1205
1207
1208
1212
1215
1216
1217
1220
1223
1228
1229
1231
1232
1233
1234
1238
1241
1242
1244
1247
1248
1250
1251
1252
1253
1255
1257
1258
1259
1261
1263
1264
1267
1269
1270
1272
1274
1277
1278
1280
1281
1282
1285
1286
1289
1290
1291
1295
1298
1303
1305
1306
1307
1309
1310
1313
1316
1318
1320
1322
1323
1325
1326
1333
1334
1338
1339
1340
1343
1345
1348
1349
1352
1353
1357
1360
1361
1363
1365
1366
1369
1370
1371
1372
1374
1377
1379
1383
1384
1386
1387
1388
1392
1394
1395
1398
1400
1401
1402
1403
1404
1406
1407
1408
1409
1410
1411
1412
1413
1414
1416
1418
1421
1425
1428
1431
1432
1433
1437
1439
1441
1442
1443
1446
1447
1450
1451
1453
1457
1459
1460
1464
1467
1468
1470
1471
1472
1475
1477
1481
1482
1488
1495
1496
1498
1500
1515
1518
1519
1521
1522
1524
1525
1526
1528
1530
1533
1534
1536
1537
1539
1540
1541
1543
1544
1545
1547
1548
1549
1551
1553
1554
1555
1557
1559
1560
1561
1565
1567
1569
1570
1571
1574
1575
1577
1579
1582
1584
1586
1587
1588
1589
1591
1594
1596
1597
1599
1602
1604
1606
1607
1608
1609
1611
1612
1614
1616
1618
1622
1626
1628
1629
1635
1638
1640
1645
1646
1649
1652
1653
1655
1656
1657
1658
1659
1661
1662
1664
1668
1669
1670
1672
1675
1676
1677
1678
1679
1682
1683
1684
1686
1687
1688
1692
1693
1695
1698
1700
1702
1705
1706
1709
1710
1711
1712
1713
1716
1717
1718
1721
1723
1725
1727
1729
1730
1731
1734
1736
1737
1739
1743
1744
1745
1746
1749
1753
1755
1759
1761
1764
1768
1769
1770
1771
1772
1776
1777
1779
1783
1784
1787
1792
1793
1796
1797
1801
1802
1803
1804
1805
1806
1808
1809
1811
1812
1815
1818
1821
1822
1823
1824
1825
1826
1829
1830
1834
1838
1839
1840
1841
1843
1844
1845
1847
1848
1850
1854
1855
1857
1858
1862
1863
1864
1867
1868
1869
1874
1875
1876
1877
1879
1881
1882
1886
1888
1892
1893
1894
1897
1898
1899
1901
1902
1904
1905
1906
1907
1909
1912
1913
1915
1916
1917
1918
1919
1921
1922
1923
1924
1926
1927
1932
1933
1934
1938
1939
1941
1942
1943
1948
1949
1950
1951
1955
1957
1960
1962
1966
1970
1973
1974
1976
1977
1981
1983
1984
1989
1991
1992
1993
1995
1996
1997
2000
2001
2003
2007
2008
2014
2015
2017
2018
2020
2024
2026
2027
2028
2029
2030
2032
2033
2035
2036
2038
2039
2041
2042
2044
2047
2048
2049
2052
2055
2057
2059
2060
2061
2062
2065
2066
2068
2070
2072
2079
2082
2083
2085
2088
2090
2092
2097
2099
2101
2102
2103
2104
2107
2116
2120
2121
2124
2127
2130
2134
2137
2138
2139
2140
2142
2143
2145
2146
2147
2149
2151
2154
2156
2158
2159
2162
2164
2167
2171
2174
2176
2178
2179
2181
2187
2193
2195
2196
2197
2198
2199
2200
2201
2203
2204
2207
2213
2214
2216
2217
2218
2219
2220
2221
2222
2226
2227
2228
2230
2234
2235
2241
2242
2247
2248
2249
2251
2253
2254
2256
2260
2261
2263
2264
2265
2267
2268
2269
2270
2277
2278
2281
2282
2286
2289
2291
2293
2295
2297
2307
2310
2321
2323
2331
2334
2335
2336
2337
2341
2344
2347
2349
2350
2353
2358
2359
2360
2361
2362
2363
2367
2370
2372
2374
2376
2378
2379
2380
2381
2382
2389
2391
2392
2393
2394
2395
2396
2397
2399
2401
2403
2404
2405
2407
2408
2409
2415
2417
2418
2421
2423
2424
2425
2430
2433
2435
2439
2440
2441
2444
2446
2448
2450
2453
2454
2459
2462
2464
2465
2468
2470
2472
2473
2474
2478
2479
2482
2485
2487
2488
2489
2491
2492
2493
2495
2496
2498
2502
2510
2511
2512
2513
2514
2515
2519
2523
2525
2527
2529
2530
2531
2533
2534
2536
2537
2540
2541
2542
2548
2550
2551
2552
2555
2557
2559
2561
2565
2576
2578
2580
2582
2586
2587
2588
2589
2591
2595
2596
2598
2599
2600
2601
2602
2603
2606
2607
2611
2612
2613
2614
2615
2616
2620
2626
2627
2630
2631
2632
2635
2639
2643
2647
2649
2657
2660
2661
2664
2666
2669
2670
2671
2673
2676
2677
2678
2680
2681
2683
2684
2686
2687
2688
2689
2697
2699
2701
2711
2712
2715
2717
2719
2720
2722
2723
2725
2726
2727
2729
2734
2735
2737
2738
2740
2741
2742
2743
2744
2745
2747
2748
2752
2753
2754
2755
2757
2763
2765
2767
2768
2769
2770
2773
2774
2775
2777
2779
2782
2783
2784
2785
2787
2789
2790
2792
2793
2794
2796
2797
2798
2804
2809
2811
2812
2813
2818
2826
2827
2828
2830
2832
2833
2836
2839
2840
2843
2845
2847
2849
2850
2852
2854
2857
2859
2860
2861
2862
2864
2865
2866
2868
2869
2871
2872
2876
2877
2882
2886
2887
2888
2891
2892
2894
2896
2898
2902
2903
2905
2907
2908
2909
2911
2913
2914
2917
2918
2919
2920
2924
2926
2929
2930
2935
2939
2940
2941
2943
2946
2948
2949
2952
2957
2958
2959
2960
2962
2965
2966
2968
2969
2970
2971
2975
2978
2979
2980
2981
2982
2985
2988
2989
2990
2992
2993
2997
3000
3002
3003
3005
3008
3010
3012
3015
3017
3021
3022
3025
3027
3028
3030
3034
3036
3039
3041
3042
3043
3044
3046
3047
3048
3049
3050
3051
3054
3055
3057
3059
3061
3062
3066
3069
3070
3072
3073
3076
3077
3078
3081
3082
3084
3085
3086
3087
3089
3093
3095
3100
3101
3102
3105
3106
3107
3110
3112
3113
3115
3120
3121
3122
3126
3129
3130
3131
3135
3136
3137
3138
3140
3142
3143
3144
3145
3147
3148
3151
3152
3153
3154
3156
3159
3161
3163
3164
3168
3169
3170
3171
3175
3178
3179
3181
3185
3187
3194
3195
3196
3197
3200
3201
3202
3203
3205
3208
3209
3210
3216
3219
3222
3227
3230
3232
3233
3235
3238
3241
3244
3246
3253
3254
3257
3258
3260
3262
3264
3265
3268
3269
3271
3275
3277
3280
3283
3284
3285
3286
3287
3290
3291
3292
3299
3300
3306
3308
3309
3311
3312
3313
3315
3319
3323
3330
3332
3333
3335
3337
3339
3340
3344
3345
3346
3348
3350
3351
3353
3357
3360
3361
3367
3371
3373
3374
3377
3379
3380
3381
3383
3385
3390
3392
3393
3398
3402
3403
3404
3406
3407
3408
3409
3414
3417
3418
3420
3424
3425
3426
3427
3428
3430
3434
3435
3436
3440
3442
3443
3444
3446
3447
3448
3450
3454
3456
3458
3461
3463
3464
3465
3468
3469
3470
3472
3474
3477
3478
3481
3484
3485
3488
3489
3493
3494
3497
3501
3504
3508
3512
3519
3522
3524
3529
3535
3537
3539
3540
3548
3551
3553
3554
3560
3563
3565
3566
3567
3569
3571
3572
3574
3576
3577
3580
3582
3583
3586
3589
3591
3592
3594
3596
3598
3599
3601
3603
3605
3606
3607
3610
3611
3614
3619
3623
3624
3625
3626
3634
3636
3637
3638
3643
3645
3648
3650
3651
3652
3654
3656
3659
3660
3662
3663
3664
3665
3666
3667
3670
3671
3673
3680
3682
3687
3688
3690
3692
3694
3696
3698
3699
3705
3708
3719
3720
3721
3722
3724
3727
3729
3732
3733
3735
3737
3739
3740
3743
3747
3748
3752
3758
3759
3760
3762
3764
3767
3771
3774
3775
3776
3777
3780
3787
3791
3793
3794
3795
3796
3797
3800
3802
3804
3806
3808
3809
3812
3817
3818
3820
3821
3822
3823
3831
3833
3834
3835
3838
3839
3840
3841
3843
3844
3846
3847
3848
3850
3852
3854
3855
3856
3857
3858
3859
3860
3861
3864
3866
3867
3869
3874
3876
3878
3881
3882
3883
3884
3890
3891
3892
3894
3897
3898
3905
3907
3908
3911
3913
3917
3918
3919
3920
3922
3926
3928
3930
3933
3935
3936
3939
3944
3947
3948
3949
3952
3953
3954
3959
3961
3963
3964
3968
3972
3974
3977
3978
3982
3984
3987
3990
3995
3996
3997
3998
4001
4006
4007
4008
4009
4010
4012
4021
4022
4024
4026
4033
4034
4038
4040
4044
4046
4047
4049
4051
4053
4054
4055
4056
4057
4058
4059
4060
4062
4063
4066
4067
4068
4072
4076
4078
4079
4080
4081
4083
4088
4089
4090
4093
4095
4096
4097
4102
4103
4104
4106
4110
4111
4119
4120
4122
4123
4124
4125
4128
4129
4130
4131
4132
4137
4140
4141
4142
4143
4145
4148
4154
4159
4160
4161
4164
4166
4167
4168
4170
4175
4176
4178
4183
4184
4185
4188
4192
4194
4198
4199
4200
4202
4203
4205
4207
4208
4210
4214
4216
4217
4222
4223
4229
4230
4231
4233
4237
4240
4241
4242
4243
4244
4245
4246
4249
4253
4256
4258
4259
4260
4262
4263
4264
4265
4271
4272
4274
4276
4279
4280
4281
4283
4289
4290
4291
4292
4294
4295
4297
4298
4300
4301
4304
4305
4306
4308
4309
4310
4313
4315
4318
4319
4320
4322
4324
4326
4327
4328
4330
4332
4333
4337
4340
4343
4344
4347
4349
4351
4353
4354
4356
4360
4361
4363
4364
4365
4366
4367
4370
4371
4373
4374
4375
4376
4377
4379
4380
4381
4383
4385
4392
4393
4394
4401
4405
4407
4412
4416
4424
4425
4427
4432
4435
4436
4439
4440
4442
4444
4445
4452
4456
4457
4460
4465
4467
4468
4469
4472
4473
4474
4476
4477
4479
4482
4483
4486
4487
4488
4489
4492
4494
4495
4496
4500
4501
4502
4507
4508
4511
4518
4519
4520
4521
4522
4524
4525
4528
4529
4533
4536
4537
4539
4540
4545
4548
4550
4552
4553
4554
4559
4560
4562
4563
4565
4566
4567
4569
4573
4578
4579
4582
4583
4584
4585
4586
4587
4588
4589
4593
4594
4596
4598
4599
4602
4604
4605
4607
4613
4615
4617
4618
4619
4620
4621
4622
4624
4630
4631
4633
4634
4635
4637
4640
4642
4643
4645
4646
4649
4651
4652
4653
4657
4659
4661
4665
4667
4670
4671
4672
4675
4676
4677
4678
4681
4682
4683
4684
4686
4687
4688
4689
4692
4695
4696
4702
4703
4705
4711
4712
4713
4716
4718
4719
4720
4721
4731
4733
4735
4737
4738
4739
4740
4741
4746
4747
4750
4753
4755
4760
4762
4763
4764
4767
4768
4769
4775
4776
4777
4778
4779
4782
4784
4786
4789
4791
4792
4793
4794
4796
4797
4800
4803
4804
4805
4809
4810
4812
4813
4815
4816
4819
4820
4822
4823
4826
4827
4828
4829
4835
4836
4838
4843
4844
4845
4848
4849
4852
4853
4854
4855
4856
4858
4861
4862
4864
4865
4866
4867
4868
4870
4871
4872
4873
4874
4877
4878
4879
4881
4885
4886
4887
4890
4891
4892
4894
4895
4896
4897
4899
4900
4901
4905
4906
4907
4908
4911
4912
4914
4915
4917
4920
4921
4922
4923
4925
4927
4931
4932
4933
4935
4937
4939
4940
4941
4942
4944
4946
4947
4948
4949
4951
4953
4963
4964
4968
4969
4970
4975
4976
4977
4978
4981
4982
4985
4986
4988
4989
4990
4991
4992
4993
4995
4996
4997
4998
5004
5006
5008
5011
5012
5016
5017
5018
5019
5023
5025
5027
5029
5035
5036
5037
5038
5043
5044
5046
5047
5048
5050
5051
5052
5055
5056
5057
5059
5062
5064
5065
5066
5068
5071
5075
5079
5083
5084
5085
5089
5092
5094
5096
5100
5101
5102
5103
5104
5105
5108
5109
5110
5112
5114
5116
5118
5119
5120
5121
5122
5126
5127
5128
5129
5130
5134
5137
5139
5141
5142
5144
5145
5148
5149
5150
5151
5153
5155
5156
5157
5160
5163
5165
5166
5168
5169
5171
5172
5173
5178
5179
5180
5182
5184
5186
5187
5188
5189
5190
5192
5196
5197
5200
5205
5208
5209
5211
5213
5214
5215
5216
5219
5220
5222
5223
5225
5226
5227
5228
5229
5236
5239
5245
5246
5247
5248
5252
5254
5256
5261
5264
5267
5268
5271
5272
5274
5275
5276
5281
5284
5290
5292
5293
5295
5299
5300
5305
5307
5308
5309
5310
5313
5315
5316
5317
5320
5321
5325
5326
5329
5330
5332
5333
5335
5337
5340
5341
5343
5344
5346
5348
5349
5353
5354
5358
5359
5363
5366
5369
5371
5372
5376
5377
5381
5382
5386
5390
5397
5398
5401
5402
5403
5405
5406
5407
5408
5410
5411
5412
5415
5417
5418
5419
5420
5422
5423
5425
5429
5431
5438
5439
5441
5442
5443
5444
5445
5449
5450
5451
5452
5454
5455
5458
5460
5461
5462
5467
5472
5473
5474
5477
5481
5482
5483
5486
5498
5503
5504
5505
5514
5520
5523
5526
5529
5531
5532
5534
5536
5537
5539
5540
5542
5544
5545
5546
5547
5548
5549
5550
5554
5555
5557
5558
5559
5561
5562
5563
5566
5567
5568
5570
5572
5576
5577
5578
5580
5582
5583
5585
5586
5594
5596
5598
5602
5603
5604
5605
5606
5610
5611
5612
5613
5615
5621
5625
5633
5634
5635
5637
5639
5640
5641
5645
5648
5651
5652
5656
5659
5662
5663
5670
5674
5676
5677
5678
5681
5682
5683
5685
5686
5687
5689
5693
5694
5699
5706
5707
5708
5710
5711
5712
5714
5715
5718
5721
5724
5727
5733
5734
5736
5738
5744
5745
5746
5747
5750
5751
5752
5753
5754
5756
5757
5758
5759
5764
5766
5768
5772
5776
5777
5778
5779
5780
5783
5786
5787
5788
5789
5791
5792
5796
5797
5800
5802
5804
5808
5809
5810
5811
5812
5815
5817
5819
5822
5823
5824
5825
5826
5829
5830
5831
5835
5838
5841
5842
5843
5844
5845
5847
5851
5853
5858
5860
5861
5863
5872
5873
5878
5879
5880
5881
5884
5887
5894
5901
5902
5903
5905
5906
5907
5908
5912
5919
5920
5922
5923
5926
5929
5933
5934
5935
5945
5948
5950
5954
5956
5959
5961
5965
5966
5967
5969
5970
5972
5973
5975
5977
5980
5981
5987
5989
5998
6003
6005
6006
6009
6011
6013
6014
6016
6018
6019
6020
6023
6025
6026
6028
6029
6031
6032
6033
6034
6035
6040
6042
6043
6044
6045
6048
6049
6052
6054
6056
6060
6061
6063
6065
6068
6072
6073
6074
6077
6078
6079
6080
6081
6082
6084
6088
6089
6094
6096
6103
6104
6108
6109
6110
6113
6114
6115
6116
6117
6118
6121
6122
6127
6131
6141
6143
6145
6148
6149
6151
6152
6153
6155
6160
6161
6162
6163
6164
6166
6167
6169
6170
6172
6174
6175
6176
6178
6180
6184
6186
6187
6191
6193
6194
6195
6196
6198
6203
6205
6208
6211
6214
6215
6217
6218
6219
6220
6221
6223
6225
6226
6234
6235
6236
6237
6238
6240
6241
6243
6245
6246
6250
6251
6252
6254
6255
6256
6258
6259
6261
6262
6264
6266
6267
6271
6274
6276
6282
6283
6287
6290
6292
6295
6296
6299
6303
6305
6306
6307
6308
6309
6310
6312
6313
6315
6316
6317
6318
6320
6325
6326
6327
6329
6331
6332
6333
6335
6337
6338
6342
6346
6347
6348
6350
6353
6355
6356
6359
6360
6361
6363
6368
6369
6371
6374
6375
6377
6379
6380
6381
6382
6384
6386
6388
6389
6390
6391
6393
6396
6398
6401
6402
6404
6405
6406
6407
6411
6412
6413
6414
6416
6421
6422
6425
6426
6427
6432
6435
6437
6440
6441
6442
6443
6445
6446
6447
6448
6451
6452
6453
6456
6457
6458
6459
6460
6461
6462
6464
6465
6466
6472
6473
6474
6475
6478
6481
6482
6485
6487
6489
6491
6493
6497
6499
6500
6502
6509
6511
6514
6517
6522
6523
6525
6526
6528
6530
6534
6537
6538
6541
6544
6545
6547
6550
6552
6554
6555
6558
6559
6560
6561
6562
6563
6564
6565
6568
6569
6570
6571
6573
6574
6578
6583
6588
6590
6592
6593
6594
6596
6597
6599
6601
6603
6606
6613
6616
6618
6623
6624
6625
6627
6628
6631
6637
6638
6640
6641
6642
6643
6645
6647
6648
6649
6650
6652
6653
6654
6655
6656
6657
6662
6666
6667
6668
6669
6670
6671
6672
6675
6676
6678
6679
6680
6682
6683
6687
6690
6698
6701
6702
6703
6704
6705
6707
6709
6711
6713
6716
6718
6719
6722
6725
6726
6727
6730
6732
6734
6735
6736
6737
6739
6740
6742
6743
6744
6745
6746
6753
6754
6756
6758
6759
6762
6766
6767
6768
6769
6770
6772
6774
6785
6786
6787
6788
6792
6793
6795
6796
6797
6798
6801
6802
6803
6804
6806
6807
6808
6809
6810
6811
6816
6817
6818
6819
6820
6821
6822
6825
6827
6829
6830
6834
6836
6838
6840
6841
6842
6843
6844
6845
6846
6850
6852
6855
6859
6862
6867
6868
6870
6872
6873
6874
6877
6879
6880
6882
6883
6885
6889
6890
6892
6893
6895
6896
6897
6898
6900
6904
6905
6910
6914
6915
6916
6917
6918
6919
6922
6923
6924
6926
6927
6928
6930
6933
6939
6942
6943
6944
6948
6949
6952
6953
6954
6955
6956
6961
6963
6966
6969
6970
6971
6975
6978
6980
6981
6984
6985
6986
6989
6990
6993
6994
6998
7000
7002
7003
7004
7005
7007
7008
7010
7012
7013
7014
7016
7018
7019
7022
7024
7025
7026
7027
7031
7033
7035
7036
7037
7038
7040
7042
7046
7047
7053
7054
7055
7058
7061
7062
7065
7067
7069
7070
7071
7072
7073
7075
7076
7077
7079
7080
7083
7085
7088
7089
7091
7093
7094
7095
7096
7097
7099
7102
7104
7105
7106
7111
7118
7121
7122
7126
7130
7136
7139
7146
7147
7148
7150
7151
7152
7154
7159
7160
7162
7163
7166
7170
7171
7175
7177
7179
7180
7183
7186
7187
7188
7194
7197
7200
7203
7209
7211
7212
7215
7218
7219
7221
7222
7224
7225
7227
7229
7230
7231
7232
7233
7235
7237
7238
7242
7243
7249
7252
7253
7260
7261
7262
7264
7266
7267
7268
7269
7270
7271
7272
7278
7281
7283
7286
7288
7289
7290
7292
7293
7294
7296
7298
7300
7302
7305
7307
7308
7309
7310
7311
7315
7319
7320
7321
7327
7328
7329
7330
7331
7332
7334
7336
7337
7338
7339
7340
7343
7345
7347
7348
7354
7356
7357
7359
7360
7361
7365
7367
7369
7371
7373
7374
7377
7378
7379
7382
7390
7391
7393
7394
7398
7400
7403
7404
7405
7407
7409
7412
7413
7417
7420
7421
7422
7423
7426
7429
7432
7434
7436
7437
7438
7441
7445
7452
7453
7454
7455
7458
7460
7468
7469
7474
7475
7476
7477
7478
7479
7482
7483
7484
7486
7487
7495
7497
7498
7501
7503
7504
7505
7507
7508
7509
7511
7512
7513
7515
7516
7517
7524
7526
7527
7528
7530
7532
7534
7535
7536
7537
7542
7546
7547
7548
7549
7550
7551
7553
7555
7557
7559
7562
7563
7567
7568
7572
7573
7575
7576
7577
7579
7584
7586
7587
7594
7596
7598
7601
7603
7604
7608
7609
7610
7612
7621
7624
7629
7630
7632
7633
7640
7642
7646
7649
7650
7653
7655
7656
7659
7660
7661
7669
7672
7673
7675
7676
7677
7678
7679
7682
7685
7687
7688
7690
7691
7692
7693
7695
7696
7699
7700
7702
7704
7706
7707
7708
7712
7715
7716
7719
7721
7723
7725
7726
7727
7728
7729
7730
7732
7737
7738
7743
7747
7748
7751
7754
7759
7760
7761
7764
7774
7777
7778
7779
7780
7782
7783
7791
7792
7794
7797
7800
7803
7805
7806
7807
7809
7812
7813
7814
7815
7816
7817
7819
7820
7825
7826
7829
7830
7833
7836
7837
7838
7839
7842
7843
7844
7845
7846
7847
7849
7852
7853
7855
7857
7858
7859
7860
7863
7866
7867
7868
7869
7872
7874
7876
7878
7879
7880
7882
7884
7886
7887
7888
7889
7890
7892
7893
7894
7895
7896
7897
7901
7903
7904
7909
7910
7912
7913
7916
7918
7920
7922
7924
7930
7931
7932
7933
7936
7940
7944
7949
7951
7953
7959
7961
7962
7965
7968
7969
7972
7979
7986
7989
7990
7991
7994
7995
7997
7998
7999
8001
8003
8004
8006
8007
8008
8009
8011
8013
8014
8016
8021
8022
8026
8028
8030
8032
8033
8037
8039
8044
8045
8047
8048
8050
8051
8057
8059
8061
8062
8063
8064
8065
8067
8074
8076
8077
8078
8080
8088
8090
8091
8092
8093
8094
8097
8098
8100
8101
8103
8104
8105
8106
8108
8110
8111
8113
8114
8116
8117
8120
8125
8126
8127
8130
8131
8133
8135
8136
8141
8142
8143
8146
8147
8148
8150
8153
8155
8157
8161
8162
8166
8167
8169
8170
8174
8177
8178
8179
8180
8181
8182
8183
8187
8188
8190
8191
8192
8193
8194
8195
8196
8197
8198
8199
8202
8203
8204
8205
8206
8207
8209
8210
8211
8218
8221
8222
8223
8225
8227
8229
8233
8234
8235
8237
8241
8242
8245
8248
8251
8252
8255
8256
8257
8259
8262
8264
8265
8266
8272
8275
8276
8279
8282
8283
8285
8287
8294
8296
8299
8302
8305
8306
8308
8309
8313
8314
8323
8326
8327
8329
8331
8332
8333
8334
8341
8345
8347
8348
8350
8352
8354
8355
8358
8359
8360
8361
8364
8365
8367
8368
8370
8371
8372
8373
8374
8376
8378
8383
8384
8385
8386
8387
8388
8392
8394
8396
8397
8399
8401
8403
8406
8412
8413
8417
8418
8420
8425
8426
8428
8429
8430
8431
8433
8435
8436
8438
8439
8443
8444
8446
8447
8448
8449
8450
8452
8455
8456
8458
8462
8463
8467
8470
8473
8475
8476
8477
8483
8484
8486
8487
8492
8493
8494
8495
8496
8499
8501
8506
8507
8508
8509
8510
8512
8513
8514
8515
8518
8520
8521
8526
8529
8530
8532
8533
8535
8536
8537
8538
8539
8542
8546
8548
8552
8557
8561
8564
8566
8568
8570
8576
8577
8583
8584
8585
8586
8587
8588
8589
8591
8592
8594
8596
8606
8607
8609
8610
8613
8614
8615
8616
8617
8623
8625
8626
8628
8631
8634
8636
8639
8641
8642
8644
8645
8646
8649
8650
8653
8655
8657
8658
8659
8660
8661
8663
8665
8670
8672
8673
8677
8678
8684
8686
8687
8691
8694
8696
8697
8699
8700
8702
8704
8705
8706
8707
8710
8711
8713
8714
8715
8717
8720
8722
8723
8727
8728
8730
8734
8735
8742
8744
8745
8746
8750
8751
8752
8754
8756
8757
8760
8761
8762
8766
8776
8777
8778
8779
8783
8784
8785
8787
8793
8796
8797
8799
8800
8802
8803
8805
8806
8807
8809
8812
8813
8814
8817
8819
8821
8822
8825
8830
8833
8834
8835
8839
8840
8841
8842
8843
8845
8846
8850
8852
8855
8856
8858
8861
8863
8865
8868
8870
8871
8872
8873
8875
8877
8880
8881
8882
8885
8887
8888
8889
8890
8893
8894
8897
8898
8902
8903
8904
8905
8906
8907
8909
8913
8921
8922
8924
8926
8927
8930
8934
8936
8938
8940
8941
8947
8948
8950
8951
8954
8955
8956
8959
8962
8963
8966
8968
8977
8978
8979
8980
8981
8983
8984
8989
8990
8991
8992
8995
8996
8997
8998
9000
9001
9003
9004
9005
9009
9010
9011
9014
9022
9023
9025
9026
9027
9030
9034
9035
9036
9037
9038
9039
9040
9041
9043
9045
9046
9047
9048
9050
9051
9053
9054
9059
9061
9062
9064
9069
9070
9071
9076
9084
9085
9087
9088
9090
9091
9093
9095
9100
9101
9102
9104
9105
9106
9107
9108
9110
9111
9113
9114
9115
9119
9121
9122
9125
9128
9132
9133
9135
9136
9141
9144
9145
9147
9148
9149
9150
9155
9156
9158
9164
9165
9166
9168
9169
9170
9171
9173
9174
9175
9178
9180
9186
9187
9188
9190
9191
9193
9194
9199
9200
9201
9205
9206
9207
9208
9211
9213
9214
9216
9218
9223
9225
9226
9229
9231
9232
9234
9235
9237
9239
9240
9241
9245
9248
9254
9258
9260
9261
9262
9264
9265
9267
9270
9271
9273
9274
9276
9281
9284
9285
9286
9287
9288
9290
9291
9292
9293
9294
9297
9301
9302
9305
9307
9308
9309
9311
9314
9315
9318
9319
9323
9324
9327
9330
9331
9332
9333
9334
9335
9338
9339
9340
9341
9343
9344
9345
9347
9349
9356
9358
9359
9363
9364
9367
9369
9371
9378
9386
9387
9392
9393
9394
9396
9399
9400
9404
9407
9409
9410
9413
9418
9422
9423
9424
9433
9435
9436
9440
9441
9443
9444
9446
9447
9449
9450
9451
9452
9456
9461
9463
9465
9467
9468
9469
9471
9475
9479
9480
9485
9487
9488
9490
9492
9494
9495
9497
9499
9503
9504
9505
9508
9509
9512
9515
9516
9518
9523
9525
9528
9531
9535
9536
9537
9538
9541
9543
9544
9549
9552
9553
9554
9557
9559
9560
9562
9564
9565
9566
9569
9570
9573
9574
9575
9578
9580
9581
9582
9583
9586
9587
9589
9591
9593
9594
9595
9596
9597
9598
9599
9605
9606
9608
9611
9612
9613
9617
9618
9621
9622
9624
9625
9626
9629
9630
9633
9635
9636
9637
9638
9640
9642
9644
9645
9647
9649
9650
9651
9652
9653
9654
9657
9661
9663
9664
9666
9668
9676
9677
9678
9681
9682
9683
9686
9688
9689
9691
9692
9694
9696
9699
9702
9703
9705
9706
9711
9712
9713
9715
9716
9718
9719
9720
9721
9724
9725
9727
9728
9732
9733
9734
9735
9736
9738
9739
9741
9745
9746
9748
9749
9750
9753
9754
9756
9757
9758
9763
9764
9765
9768
9772
9776
9777
9781
9782
9783
9786
9787
9788
9791
9797
9799
9800
9802
9804
9805
9808
9810
9811
9812
9817
9818
9819
9821
9822
9825
9829
9830
9831
9832
9833
9838
9839
9840
9842
9845
9848
9850
9851
9852
9854
9855
9858
9860
9861
9866
9871
9873
9879
9881
9886
9889
9891
9894
9898
9899
9904
9908
9910
9911
9914
9917
9922
9924
9927
9928
9931
9932
9933
9936
9940
9943
9945
9949
9952
9953
9956
9960
9964
9967
9969
9970
9971
9972
9973
9975
9976
9977
9978
9979
9981
9987
9988
9992
9998
9999
